 --------------------------------------------------------------------------------------------------------------------------------------------------------- 
| Snapshot                  | WNS                  | TNS                  | Density (%) | Hotspot                   | Resource               | DRVs       |
|                           | HEPG (ns) | ALL (ns) | HEPG (ns) | ALL (ns) |             | Max (bins) | Total (bins) | Real (s) | Memory (MB) | Tran | Cap |
|---------------------------+-----------+----------+-----------+----------+-------------+------------+--------------+----------+-------------+------+-----|
| initial_summary           |           |   99.470 |           |        0 |       30.75 |            |              | 0:00:04  |       17272 |    0 |   0 |
| route_type_refinement     |           |          |           |          |             |            |              | 0:00:01  |       17272 |      |     |
| simplify_netlist          |           |          |           |          |             |            |              | 0:00:04  |       17337 |      |     |
| drv_fixing                |           |          |           |          |             |            |              | 0:00:03  |       17364 |      |     |
| area_reclaiming           |     0.000 |   99.470 |         0 |        0 |       30.75 |            |              | 0:00:04  |       17382 |      |     |
| global_opt                |           |   99.470 |           |        0 |       30.75 |            |              | 0:00:07  |       17419 |      |     |
| area_reclaiming_2         |     0.000 |   99.470 |         0 |        0 |       30.75 |            |              | 0:00:04  |       17434 |      |     |
| incremental_replacement   |           |          |           |          |             |       0.00 |         0.00 | 0:00:19  |       19467 |      |     |
| area_reclaiming_3         |     0.000 |   99.470 |         0 |        0 |       30.75 |            |              | 0:00:02  |       19524 |      |     |
| area_reclaiming_4         |     0.000 |   99.470 |         0 |        0 |       30.75 |            |              | 0:00:02  |       19538 |      |     |
| incremental_replacement_2 |           |          |           |          |             |       0.00 |         0.00 | 0:00:18  |       21543 |      |     |
| area_reclaiming_5         |     0.000 |   99.470 |         0 |        0 |       30.75 |            |              | 0:00:02  |       21600 |      |     |
| area_reclaiming_6         |     0.000 |   99.470 |         0 |        0 |       30.75 |            |              | 0:00:02  |       21608 |      |     |
| drv_eco_fixing            |     0.000 |   99.470 |         0 |        0 |       30.75 |            |              | 0:00:02  |       21638 |    0 |   0 |
| final_summary             |           |   99.470 |           |        0 |       30.75 |            |              | 0:00:06  |       21667 |    0 |   0 |
 --------------------------------------------------------------------------------------------------------------------------------------------------------- 
