 -------------------------------------------------------------------------------------------------------------------------------------------------------------------------------------------------------------------- 
| Snapshot                | WNS                  | TNS                  | Density (%) | Power estimated                                            | Hotspot                   | Resource               | DRVs       |
|                         | HEPG (ns) | ALL (ns) | HEPG (ns) | ALL (ns) |             | Total (mW) | Leakage (mW) | Switching (mW) | Internal (mW) | Max (bins) | Total (bins) | Real (s) | Memory (MB) | Tran | Cap |
|-------------------------+-----------+----------+-----------+----------+-------------+------------+--------------+----------------+---------------+------------+--------------+----------+-------------+------+-----|
| initial_summary         |    49.286 |   49.286 |           |        0 |        4.66 |            |              |                |               |            |              | 0:00:02  |        3911 |    0 |   0 |
| route_type_refinement   |           |          |           |          |             |            |              |                |               |            |              | 0:00:00  |        3912 |      |     |
| simplify_netlist        |           |          |           |          |             |       0.07 |         0.06 |           0.00 |          0.01 |            |              | 0:00:05  |        3928 |      |     |
| excluded_clk_net_fixing |           |          |           |          |             |            |              |                |               |            |              | 0:00:00  |        3928 |      |     |
| global_opt              |           |   49.286 |           |        0 |       11.72 |       0.07 |         0.06 |           0.00 |          0.01 |            |              | 0:00:07  |        3951 |      |     |
| area_reclaiming         |    49.710 |   49.285 |         0 |        0 |       11.72 |       0.07 |         0.06 |           0.00 |          0.01 |            |              | 0:00:06  |        3964 |      |     |
| wns_fixing              |    49.710 |    0.000 |         0 |        0 |       11.72 |       0.07 |         0.06 |           0.00 |          0.01 |            |              | 0:00:05  |        4031 |      |     |
| area_reclaiming_2       |    49.710 |   49.285 |         0 |        0 |       11.72 |       0.07 |         0.06 |           0.00 |          0.01 |            |              | 0:00:06  |        3976 |      |     |
| power_reclaiming        |    49.710 |   49.285 |         0 |        0 |       11.72 |       0.07 |         0.06 |           0.00 |          0.01 |            |              | 0:00:03  |        4058 |      |     |
| local_wire_reclaim      |           |          |           |          |             |            |              |                |               |            |              | 0:00:02  |        3946 |      |     |
| global_route            |           |          |           |          |             |            |              |                |               |       0.00 |         0.00 | 0:00:01  |        3937 |      |     |
| route_type_refinement_2 |           |          |           |          |             |            |              |                |               |            |              | 0:00:00  |        3937 |      |     |
| drv_eco_fixing          |    49.710 |   49.285 |         0 |        0 |       11.72 |       0.07 |         0.06 |           0.00 |          0.01 |            |              | 0:00:03  |        3970 |    0 |   0 |
| power_reclaiming_2      |    49.710 |   49.285 |         0 |        0 |       11.72 |       0.07 |         0.06 |           0.00 |          0.01 |            |              | 0:00:10  |        4046 |      |     |
| final_summary           |    49.710 |   49.285 |           |        0 |        4.65 |            |              |                |               |       0.00 |         0.00 | 0:00:05  |        3972 |    0 |   0 |
 -------------------------------------------------------------------------------------------------------------------------------------------------------------------------------------------------------------------- 
