 -------------------------------------------------------------------------------------------------------------------------------------------------------------------------------------------------------------------- 
| Snapshot                | WNS                  | TNS                  | Density (%) | Power estimated                                            | Hotspot                   | Resource               | DRVs       |
|                         | HEPG (ns) | ALL (ns) | HEPG (ns) | ALL (ns) |             | Total (mW) | Leakage (mW) | Switching (mW) | Internal (mW) | Max (bins) | Total (bins) | Real (s) | Memory (MB) | Tran | Cap |
|-------------------------+-----------+----------+-----------+----------+-------------+------------+--------------+----------------+---------------+------------+--------------+----------+-------------+------+-----|
| initial_summary         |    49.109 |   49.109 |           |        0 |       18.63 |            |              |                |               |            |              | 0:00:02  |        3903 |    0 |   0 |
| route_type_refinement   |           |          |           |          |             |            |              |                |               |            |              | 0:00:00  |        3903 |      |     |
| simplify_netlist        |           |          |           |          |             |       0.07 |         0.06 |           0.00 |          0.01 |            |              | 0:00:05  |        3920 |      |     |
| excluded_clk_net_fixing |           |          |           |          |             |            |              |                |               |            |              | 0:00:00  |        3920 |      |     |
| global_opt              |           |   49.109 |           |        0 |       46.89 |       0.07 |         0.06 |           0.00 |          0.01 |            |              | 0:00:06  |        3940 |      |     |
| area_reclaiming         |    49.725 |   49.037 |         0 |        0 |       46.89 |       0.07 |         0.06 |           0.00 |          0.01 |            |              | 0:00:06  |        3953 |      |     |
| wns_fixing              |    49.725 |    0.000 |         0 |        0 |       46.89 |       0.07 |         0.06 |           0.00 |          0.01 |            |              | 0:00:05  |        4021 |      |     |
| area_reclaiming_2       |    49.725 |   49.037 |         0 |        0 |       46.89 |       0.07 |         0.06 |           0.00 |          0.01 |            |              | 0:00:06  |        3965 |      |     |
| power_reclaiming        |    49.725 |   49.038 |         0 |        0 |       46.89 |       0.07 |         0.06 |           0.00 |          0.01 |            |              | 0:00:02  |        4047 |      |     |
| local_wire_reclaim      |           |          |           |          |             |            |              |                |               |            |              | 0:00:02  |        3933 |      |     |
| global_route            |           |          |           |          |             |            |              |                |               |       0.00 |         0.00 | 0:00:00  |        3927 |      |     |
| route_type_refinement_2 |           |          |           |          |             |            |              |                |               |            |              | 0:00:00  |        3927 |      |     |
| drv_eco_fixing          |    49.730 |   49.043 |         0 |        0 |       46.89 |       0.07 |         0.06 |           0.00 |          0.01 |            |              | 0:00:03  |        3958 |    0 |   0 |
| power_reclaiming_2      |    49.730 |   49.043 |         0 |        0 |       46.86 |       0.07 |         0.06 |           0.00 |          0.01 |            |              | 0:00:10  |        4030 |      |     |
| final_summary           |    49.730 |   49.043 |           |        0 |       18.60 |            |              |                |               |       0.00 |         0.00 | 0:00:04  |        3959 |    0 |   0 |
 -------------------------------------------------------------------------------------------------------------------------------------------------------------------------------------------------------------------- 
