 -------------------------------------------------------------------------------------------------------------------------------------------------------------------------------------------------------------------- 
| Snapshot                | WNS                  | TNS                  | Density (%) | Power estimated                                            | Hotspot                   | Resource               | DRVs       |
|                         | HEPG (ns) | ALL (ns) | HEPG (ns) | ALL (ns) |             | Total (mW) | Leakage (mW) | Switching (mW) | Internal (mW) | Max (bins) | Total (bins) | Real (s) | Memory (MB) | Tran | Cap |
|-------------------------+-----------+----------+-----------+----------+-------------+------------+--------------+----------------+---------------+------------+--------------+----------+-------------+------+-----|
| initial_summary         |    49.115 |   49.115 |           |        0 |       14.37 |            |              |                |               |            |              | 0:00:01  |        3694 |    0 |   0 |
| route_type_refinement   |           |          |           |          |             |            |              |                |               |            |              | 0:00:00  |        3695 |      |     |
| simplify_netlist        |           |          |           |          |             |       0.06 |         0.05 |           0.00 |          0.01 |            |              | 0:00:04  |        3711 |      |     |
| excluded_clk_net_fixing |           |          |           |          |             |            |              |                |               |            |              | 0:00:00  |        3711 |      |     |
| global_opt              |           |   49.115 |           |        0 |       14.37 |       0.06 |         0.05 |           0.00 |          0.01 |            |              | 0:00:06  |        3734 |      |     |
| area_reclaiming         |    49.724 |   49.044 |         0 |        0 |       14.36 |       0.06 |         0.05 |           0.00 |          0.01 |            |              | 0:00:06  |        3746 |      |     |
| wns_fixing              |    49.724 |    0.000 |         0 |        0 |       14.36 |       0.06 |         0.05 |           0.00 |          0.01 |            |              | 0:00:04  |        3813 |      |     |
| area_reclaiming_2       |    49.724 |   49.044 |         0 |        0 |       14.36 |       0.06 |         0.05 |           0.00 |          0.01 |            |              | 0:00:06  |        3757 |      |     |
| power_reclaiming        |    49.724 |   49.044 |         0 |        0 |       14.36 |       0.06 |         0.05 |           0.00 |          0.01 |            |              | 0:00:03  |        3839 |      |     |
| local_wire_reclaim      |           |          |           |          |             |            |              |                |               |            |              | 0:00:02  |        3726 |      |     |
| global_route            |           |          |           |          |             |            |              |                |               |       0.00 |         0.00 | 0:00:00  |        3720 |      |     |
| route_type_refinement_2 |           |          |           |          |             |            |              |                |               |            |              | 0:00:00  |        3720 |      |     |
| drv_eco_fixing          |    49.726 |   49.047 |         0 |        0 |       14.36 |       0.06 |         0.05 |           0.00 |          0.01 |            |              | 0:00:03  |        3754 |    0 |   0 |
| power_reclaiming_2      |    49.727 |   49.047 |         0 |        0 |       14.35 |       0.06 |         0.05 |           0.00 |          0.01 |            |              | 0:00:09  |        3826 |      |     |
| final_summary           |    49.727 |   49.047 |           |        0 |       14.35 |            |              |                |               |       0.00 |         0.00 | 0:00:03  |        3752 |    0 |   0 |
 -------------------------------------------------------------------------------------------------------------------------------------------------------------------------------------------------------------------- 
