 ---------------------------------------------------------------------------------------------------------------------------------------------------------------------------------------------------------------------- 
| Snapshot                  | WNS                  | TNS                  | Density (%) | Power estimated                                            | Hotspot                   | Resource               | DRVs       |
|                           | HEPG (ns) | ALL (ns) | HEPG (ns) | ALL (ns) |             | Total (mW) | Leakage (mW) | Switching (mW) | Internal (mW) | Max (bins) | Total (bins) | Real (s) | Memory (MB) | Tran | Cap |
|---------------------------+-----------+----------+-----------+----------+-------------+------------+--------------+----------------+---------------+------------+--------------+----------+-------------+------+-----|
| initial_summary           |           |   49.611 |           |        0 |       18.92 |            |              |                |               |            |              | 0:00:01  |        4659 |    0 |   0 |
| ccopt_clustering          |           |   49.608 |           |        0 |       18.92 |            |              |                |               |       0.00 |         0.00 | 0:00:11  |        4710 |    0 |   0 |
| simplify_netlist          |           |          |           |          |             |       0.06 |         0.05 |           0.00 |          0.01 |            |              | 0:00:04  |        4803 |      |     |
| excluded_clk_net_fixing   |           |          |           |          |             |            |              |                |               |            |              | 0:00:00  |        4803 |      |     |
| global_opt                |           |   49.609 |           |        0 |       18.92 |       0.06 |         0.05 |           0.00 |          0.01 |            |              | 0:00:05  |        4816 |      |     |
| area_reclaiming           |    49.609 |   49.609 |         0 |        0 |       18.91 |       0.06 |         0.05 |           0.00 |          0.01 |            |              | 0:00:06  |        4789 |      |     |
| wns_fixing                |    49.719 |    0.000 |         0 |        0 |       18.91 |       0.06 |         0.05 |           0.00 |          0.01 |            |              | 0:00:04  |        4887 |      |     |
| ccopt_implementation      |           |          |           |          |             |            |              |                |               |            |              | 0:01:00  |        4844 |      |     |
| route_type_refinement     |           |          |           |          |             |            |              |                |               |            |              | 0:00:00  |        4844 |      |     |
| incremental_replacement_2 |           |          |           |          |             |            |              |                |               |       0.00 |         0.00 | 0:00:04  |        4868 |      |     |
| wns_fixing_2              |    49.717 |    0.000 |         0 |        0 |       18.91 |       0.06 |         0.05 |           0.00 |          0.01 |            |              | 0:00:04  |        4949 |      |     |
| area_reclaiming_2         |    49.717 |   49.296 |         0 |        0 |       18.90 |       0.06 |         0.05 |           0.00 |          0.01 |            |              | 0:00:05  |        4908 |      |     |
| area_reclaiming_3         |    49.717 |   49.296 |         0 |        0 |       18.90 |       0.06 |         0.05 |           0.00 |          0.01 |            |              | 0:00:03  |        4910 |      |     |
| power_reclaiming          |    49.717 |   49.296 |         0 |        0 |       18.90 |       0.06 |         0.05 |           0.00 |          0.01 |            |              | 0:00:02  |        4992 |      |     |
| local_wire_reclaim        |           |          |           |          |             |            |              |                |               |            |              | 0:00:02  |        4878 |      |     |
| global_route              |           |          |           |          |             |            |              |                |               |       0.00 |         0.00 | 0:00:00  |        4868 |      |     |
| route_type_refinement_2   |           |          |           |          |             |            |              |                |               |            |              | 0:00:00  |        4868 |      |     |
| drv_eco_fixing            |    49.719 |   49.343 |         0 |        0 |       18.91 |       0.06 |         0.05 |           0.00 |          0.01 |            |              | 0:00:03  |        4906 |    0 |   0 |
| power_reclaiming_2        |    49.719 |   49.343 |         0 |        0 |       18.89 |       0.06 |         0.05 |           0.00 |          0.01 |            |              | 0:00:08  |        4964 |      |     |
| final_summary             |    49.719 |   49.343 |           |        0 |       18.89 |            |              |                |               |       0.00 |         0.00 | 0:00:02  |        4893 |    0 |   0 |
 ---------------------------------------------------------------------------------------------------------------------------------------------------------------------------------------------------------------------- 
