###############################################################
#  Generated by:      Cadence Innovus 23.10-p003_1
#  OS:                Linux x86_64(Host ID bioeebeanie.bioeelocal)
#  Generated on:      Wed May 28 16:29:56 2025
#  Design:            TOP
#  Command:           verify_drc
###############################################################

VIAENCLOSURE: ( Enclosure ) Regular Wire of Net n1086  ( V1 )
Bounds : ( 32.276, 35.100 ) ( 32.316, 35.140 )


EndOfLine: ( EndOfLine Color Spacing ) Regular Wire of Net n1086 & Pin of Cell U1515  ( M1 )
Bounds : ( 32.286, 35.170 ) ( 32.316, 35.205 )


SPACING: ( SameMask Spacing ) Regular Wire of Net n1086 & Pin of Cell U1515  ( M1 )
Bounds : ( 32.286, 35.170 ) ( 32.316, 35.205 )


SPACING: ( ParallelRunLength Spacing ) Regular Wire of Net FE_PHN838_SPI_slave_inst_SHIFT_REG_3 & Blockage of Cell U1873  ( M1 )
Bounds : ( 24.969, 48.515 ) ( 24.972, 48.588 )


SHORT: ( Metal Short ) Regular Wire of Net SPI_slave_inst/SHIFT_REG[4] & Blockage of Cell U1871  ( M1 )
Bounds : ( 24.869, 46.360 ) ( 24.908, 46.400 )


SHORT: ( Metal Short ) Regular Wire of Net n801 & Pin of Cell DECAP211  ( M1 )
Bounds : ( 19.526, 51.630 ) ( 19.566, 51.635 )


SHORT: ( Metal Short ) Regular Wire of Net n801 & Blockage of Cell U1201  ( M1 )
Bounds : ( 19.392, 48.518 ) ( 19.480, 48.535 )


SPACING: ( SameMask Spacing ) Regular Wire of Net n801 & Blockage of Cell U1201  ( M1 )
Bounds : ( 19.480, 48.470 ) ( 19.497, 48.495 )


SHORT: ( Metal Short ) Regular Wire of Net n1574 & Pin of Cell DECAP12  ( M1 )
Bounds : ( 17.206, 38.670 ) ( 17.246, 38.675 )


SHORT: ( Metal Short ) Regular Wire of Net FE_PHN2115_SPI_OUT_RDY & Blockage of Cell U1866  ( M1 )
Bounds : ( 21.038, 40.990 ) ( 21.080, 41.012 )


SHORT: ( Metal Short ) Regular Wire of Net FE_PHN2115_SPI_OUT_RDY & Blockage of Cell U1866  ( M1 )
Bounds : ( 21.040, 40.990 ) ( 21.080, 41.030 )


SHORT: ( Metal Short ) Regular Wire of Net n973 & Blockage of Cell U1272  ( M1 )
Bounds : ( 24.869, 39.340 ) ( 24.908, 39.380 )


SHORT: ( Metal Short ) Regular Wire of Net FE_OFN23_RX & Pin of Cell DECAP12  ( M1 )
Bounds : ( 28.922, 38.445 ) ( 28.962, 38.450 )


CUTSPACING: ( Same Layer Cut Spacing ) Regular Wire of Net FE_PHN2079_sh_sync_inst_pulse_pack_count_1 & Pin of Cell U1481  ( V1 )
Bounds : ( 28.846, 33.538 ) ( 28.892, 33.567 )


SHORT: ( Metal Short ) Regular Wire of Net FE_PHN2079_sh_sync_inst_pulse_pack_count_1 & Pin of Cell U1481  ( M1 )
Bounds : ( 28.912, 33.590 ) ( 28.932, 33.597 )


SPACING: ( ParallelRunLength Spacing ) Regular Wire of Net FE_PHN2079_sh_sync_inst_pulse_pack_count_1 & Pin of Cell U1481  ( M2 )
Bounds : ( 28.846, 33.507 ) ( 28.862, 33.615 )


SHORT: ( Metal Short ) Regular Wire of Net counter3[1] & Pin of Cell U1285  ( M1 )
Bounds : ( 16.626, 36.285 ) ( 16.666, 36.290 )


SHORT: ( Metal Short ) Regular Wire of Net n986 & Pin of Cell U1331  ( M1 )
Bounds : ( 16.742, 33.045 ) ( 16.782, 33.090 )


SHORT: ( Metal Short ) Regular Wire of Net TX_SH & Pin of Cell DECAP27  ( M1 )
Bounds : ( 20.222, 35.430 ) ( 20.262, 35.435 )


SHORT: ( Metal Short ) Regular Wire of Net sh_sync_inst/timeout_counter[0] & Pin of Cell U1351  ( M1 )
Bounds : ( 39.362, 26.790 ) ( 39.402, 26.795 )


SHORT: ( Metal Short ) Regular Wire of Net FE_PHN1172_sh_sync_inst_pulse_gen_count_0 & Pin of Cell sh_sync_inst/first_pulse_flag_reg  ( M1 )
Bounds : ( 33.214, 23.550 ) ( 33.254, 23.555 )


SHORT: ( Metal Short ) Regular Wire of Net n1435 & Pin of Cell sh_sync_inst/first_pulse_flag_reg  ( M1 )
Bounds : ( 36.694, 23.325 ) ( 36.734, 23.330 )


SPACING: ( ParallelRunLength Spacing ) Regular Wire of Net n991 & Blockage of Cell U1317  ( M1 )
Bounds : ( 35.896, 29.110 ) ( 35.952, 29.145 )


SHORT: ( Metal Short ) Regular Wire of Net FE_PHN2294_sh_sync_inst_interval_sum_24 & Pin of Cell U1597  ( M1 )
Bounds : ( 42.494, 17.070 ) ( 42.534, 17.075 )


SHORT: ( Metal Short ) Regular Wire of Net n1464 & Pin of Cell U1602  ( M1 )
Bounds : ( 43.886, 19.005 ) ( 43.926, 19.010 )


SHORT: ( Metal Short ) Regular Wire of Net sh_sync_inst/interval_sum[24] & Pin of Cell U1651  ( M1 )
Bounds : ( 44.044, 16.644 ) ( 44.158, 16.660 )


CUTSPACING: ( Same Layer Cut Spacing ) Regular Wire of Net intadd_0/n1 & Pin of Cell U1573  ( V1 )
Bounds : ( 31.544, 16.258 ) ( 31.590, 16.287 )


SHORT: ( Metal Short ) Regular Wire of Net intadd_0/n1 & Pin of Cell U1573  ( M1 )
Bounds : ( 31.504, 16.310 ) ( 31.524, 16.317 )


SPACING: ( ParallelRunLength Spacing ) Regular Wire of Net intadd_0/n1 & Pin of Cell U1573  ( M2 )
Bounds : ( 31.574, 16.220 ) ( 31.590, 16.307 )


CUTSPACING: ( Cut To Metal Concave Corner Spacing ) Regular Wire of Net n1455  ( V1 )
Bounds : ( 24.862, 22.550 ) ( 24.862, 22.550 )


SHORT: ( Metal Short ) Regular Wire of Net n1300 & Pin of Cell DECAP6  ( M1 )
Bounds : ( 17.438, 19.005 ) ( 17.478, 19.010 )


SHORT: ( Metal Short ) Regular Wire of Net n1262 & Blockage of Cell U1394  ( M1 )
Bounds : ( 21.620, 22.060 ) ( 21.743, 22.100 )


SHORT: ( Metal Short ) Regular Wire of Net n1372 & Pin of Cell DECAP6  ( M1 )
Bounds : ( 24.166, 19.005 ) ( 24.206, 19.010 )


VIAENCLOSURE: ( Enclosure ) Regular Wire of Net n1455  ( V1 )
Bounds : ( 24.830, 22.550 ) ( 24.870, 22.590 )


SHORT: ( Metal Short ) Regular Wire of Net n1125 & Pin of Cell U1570  ( M1 )
Bounds : ( 29.966, 14.685 ) ( 30.006, 14.690 )


  Total Violations : 35 Viols.
