 --------------------------------------------------------------------------------------------------------------------------------------------------------- 
| Snapshot                  | WNS                  | TNS                  | Density (%) | Hotspot                   | Resource               | DRVs       |
|                           | HEPG (ns) | ALL (ns) | HEPG (ns) | ALL (ns) |             | Max (bins) | Total (bins) | Real (s) | Memory (MB) | Tran | Cap |
|---------------------------+-----------+----------+-----------+----------+-------------+------------+--------------+----------+-------------+------+-----|
| initial_summary           |           |   49.724 |           |        0 |       18.89 |            |              | 0:00:03  |        4563 |    0 |   2 |
| simplify_netlist          |           |          |           |          |             |            |              | 0:00:07  |        4573 |      |     |
| drv_fixing                |           |          |           |          |             |            |              | 0:00:02  |        4572 |      |     |
| area_reclaiming           |     0.000 |   49.724 |         0 |        0 |       18.88 |            |              | 0:00:06  |        4584 |      |     |
| drv_fixing_2              |     0.000 |   49.126 |         0 |        0 |       18.93 |            |              | 0:00:07  |        4595 |    0 |   0 |
| global_opt                |           |   49.126 |           |        0 |       18.93 |            |              | 0:00:08  |        4593 |      |     |
| area_reclaiming_2         |     0.000 |   49.126 |         0 |        0 |       18.92 |            |              | 0:00:06  |        4595 |      |     |
| incremental_replacement   |           |          |           |          |             |       0.00 |         0.00 | 0:00:10  |        4597 |      |     |
| area_reclaiming_3         |    49.718 |   49.548 |         0 |        0 |       18.91 |            |              | 0:00:02  |        4593 |      |     |
| area_reclaiming_4         |    49.718 |   49.548 |         0 |        0 |       18.91 |            |              | 0:00:02  |        4593 |      |     |
| incremental_replacement_2 |           |          |           |          |             |       0.00 |         0.00 | 0:00:11  |        4593 |      |     |
| area_reclaiming_5         |    49.715 |   49.563 |         0 |        0 |       18.91 |            |              | 0:00:02  |        4576 |      |     |
| area_reclaiming_6         |    49.715 |   49.563 |         0 |        0 |       18.91 |            |              | 0:00:02  |        4576 |      |     |
| drv_eco_fixing            |    49.715 |   49.619 |         0 |        0 |       18.92 |            |              | 0:00:02  |        4599 |    0 |   0 |
| final_summary             |    49.715 |   49.619 |           |        0 |       18.92 |            |              | 0:00:07  |        4565 |    0 |   0 |
 --------------------------------------------------------------------------------------------------------------------------------------------------------- 
