###############################################################
#  Generated by:      Cadence Innovus 23.10-p003_1
#  OS:                Linux x86_64(Host ID linrack12.bioeelocal)
#  Generated on:      Wed Jun 11 00:38:47 2025
#  Design:            TOP
#  Command:           verifyMetalDensity
###############################################################

Verify Density report created on Wed Jun 11 00:38:47 2025

###############################################################
# Layer       M1 - Window size      : 62.9um X 63.0um
# Layer       M1 - Window step      : 62.9um X 63.0um
# Layer       M1 - Min Density      : 20%
# Layer       M1 - Pref Density     : 35%
# Layer       M1 - Max Density      : 80%
# Layer       M1 - Ext Density      : 35%
# Layer       M2 - Window size      : 62.9um X 63.0um
# Layer       M2 - Window step      : 62.9um X 63.0um
# Layer       M2 - Min Density      : 20%
# Layer       M2 - Pref Density     : 35%
# Layer       M2 - Max Density      : 80%
# Layer       M2 - Ext Density      : 35%
# Layer       C1 - Window size      : 62.9um X 63.0um
# Layer       C1 - Window step      : 62.9um X 63.0um
# Layer       C1 - Min Density      : 20%
# Layer       C1 - Pref Density     : 35%
# Layer       C1 - Max Density      : 80%
# Layer       C1 - Ext Density      : 35%
# Layer       C2 - Window size      : 62.9um X 63.0um
# Layer       C2 - Window step      : 62.9um X 63.0um
# Layer       C2 - Min Density      : 20%
# Layer       C2 - Pref Density     : 35%
# Layer       C2 - Max Density      : 80%
# Layer       C2 - Ext Density      : 35%
# Layer       C3 - Window size      : 62.9um X 63.0um
# Layer       C3 - Window step      : 62.9um X 63.0um
# Layer       C3 - Min Density      : 20%
# Layer       C3 - Pref Density     : 35%
# Layer       C3 - Max Density      : 80%
# Layer       C3 - Ext Density      : 35%
# Layer       C4 - Window size      : 62.9um X 63.0um
# Layer       C4 - Window step      : 62.9um X 63.0um
# Layer       C4 - Min Density      : 20%
# Layer       C4 - Pref Density     : 35%
# Layer       C4 - Max Density      : 80%
# Layer       C4 - Ext Density      : 35%
# Layer       C5 - Window size      : 62.9um X 63.0um
# Layer       C5 - Window step      : 62.9um X 63.0um
# Layer       C5 - Min Density      : 20%
# Layer       C5 - Pref Density     : 35%
# Layer       C5 - Max Density      : 80%
# Layer       C5 - Ext Density      : 35%
# Layer       JA - Window size      : 62.9um X 63.0um
# Layer       JA - Window step      : 62.9um X 63.0um
# Layer       JA - Min Density      : 20%
# Layer       JA - Pref Density     : 35%
# Layer       JA - Max Density      : 80%
# Layer       JA - Ext Density      : 35%
# Layer       QA - Window size      : 62.9um X 63.0um
# Layer       QA - Window step      : 62.9um X 63.0um
# Layer       QA - Min Density      : 20%
# Layer       QA - Pref Density     : 35%
# Layer       QA - Max Density      : 80%
# Layer       QA - Ext Density      : 35%
# Layer       QB - Window size      : 62.9um X 63.0um
# Layer       QB - Window step      : 62.9um X 63.0um
# Layer       QB - Min Density      : 20%
# Layer       QB - Pref Density     : 35%
# Layer       QB - Max Density      : 80%
# Layer       QB - Ext Density      : 35%
# Layer       LB - Window size      : 62.9um X 63.0um
# Layer       LB - Window step      : 62.9um X 63.0um
# Layer       LB - Min Density      : 20%
# Layer       LB - Pref Density     : 35%
# Layer       LB - Max Density      : 80%
# Layer       LB - Ext Density      : 35%
###############################################################


    Layer    Density(%)          Window  
***************************************************

      LB        0.00    (0 0) (62.872 62.96)

      QB        0.00    (0 0) (62.872 62.96)

      QA        0.00    (0 0) (62.872 62.96)

      JA        0.58    (0 0) (62.872 62.96)

      C5        1.46    (0 0) (62.872 62.96)

      C4        5.17    (0 0) (62.872 62.96)

      C3        5.73    (0 0) (62.872 62.96)

      C2        6.34    (0 0) (62.872 62.96)

      C1        6.35    (0 0) (62.872 62.96)

      M2       12.42    (0 0) (62.872 62.96)


A total of 10 density violation(s).
Windows < Min. Density = 10
Windows > Max. Density = 0
Windows < Min. Union. Density = 0
Windows > Max. Union. Density = 0
