###############################################################
#  Generated by:      Cadence Innovus 23.10-p003_1
#  OS:                Linux x86_64(Host ID bioeebeanie.bioeelocal)
#  Generated on:      Thu May 29 14:49:12 2025
#  Design:            TOP
#  Command:           verifyWellAntenna
###############################################################

Innovus WellAntenna Verification Report
Design: TOP

Row CORE_ROW_87 has NO protecting cell, row box (3.944 50.980 48.952 51.520)
Row CORE_ROW_91 has NO protecting cell, row box (3.944 53.140 48.952 53.680)
Row CORE_ROW_92 has NO protecting cell, row box (3.944 53.680 48.952 54.220)
Row CORE_ROW_93 has NO protecting cell, row box (3.944 54.220 48.952 54.760)
Row CORE_ROW_94 has NO protecting cell, row box (3.944 54.760 48.952 55.300)
Row CORE_ROW_95 has NO protecting cell, row box (3.944 55.300 48.952 55.840)
Row CORE_ROW_96 has NO protecting cell, row box (3.944 55.840 48.952 56.380)
Row CORE_ROW_97 has NO protecting cell, row box (3.944 56.380 48.952 56.920)
Row CORE_ROW_98 has NO protecting cell, row box (3.944 56.920 48.952 57.460)
Row CORE_ROW_99 has NO protecting cell, row box (3.944 57.460 48.952 58.000)
Row CORE_ROW_100 has NO protecting cell, row box (3.944 58.000 48.952 58.540)
Row CORE_ROW_101 has NO protecting cell, row box (3.944 58.540 48.952 59.080)
Row CORE_ROW_102 has NO protecting cell, row box (3.944 59.080 48.952 59.620)
Row CORE_ROW_103 has NO protecting cell, row box (3.944 59.620 48.952 60.160)
Row CORE_ROW_104 has NO protecting cell, row box (3.944 60.160 48.952 60.700)
Row CORE_ROW_105 has NO protecting cell, row box (3.944 60.700 48.952 61.240)
Row CORE_ROW_106 has NO protecting cell, row box (3.944 61.240 48.952 61.780)
Row CORE_ROW_107 has NO protecting cell, row box (3.944 61.780 48.952 62.320)
Row CORE_ROW_108 has NO protecting cell, row box (3.944 62.320 48.952 62.860)
Row CORE_ROW_109 has NO protecting cell, row box (3.944 62.860 48.952 63.400)
Row CORE_ROW_110 has NO protecting cell, row box (3.944 63.400 48.952 63.940)

Found 21 row(s) has NO protect
