###############################################################
#  Generated by:      Cadence Innovus 23.10-p003_1
#  OS:                Linux x86_64(Host ID linrack12.bioeelocal)
#  Generated on:      Tue Jun 10 23:46:55 2025
#  Design:            TOP
#  Command:           checkDesign -all
###############################################################
Design: TOP

------ Design Summary:
Total Standard Cell Number   (cells) : 1493
Total Block Cell Number      (cells) : 0
Total I/O Pad Cell Number    (cells) : 0
Total Standard Cell Area     ( um^2) : 632.04
Total Block Cell Area        ( um^2) : 0.00
Total I/O Pad Cell Area      ( um^2) : 0.00

------ Design Statistics:

Number of Instances            : 1493
Number of Non-uniquified Insts : 1476
Number of Nets                 : 1516
Average number of Pins per Net : 3.44
Maximum number of Pins in Net  : 281

------ I/O Port summary

Number of Primary I/O Ports    : 33
Number of Input Ports          : 9
Number of Output Ports         : 24
Number of Bidirectional Ports  : 0
Number of Power/Ground Ports   : 0



------------------------------------------------------------
Detail report:


------ I/O Pad/Port Checking


