###############################################################
#  Generated by:      Cadence Innovus 23.10-p003_1
#  OS:                Linux x86_64(Host ID bioeebeanie.bioeelocal)
#  Generated on:      Wed May 28 14:19:09 2025
#  Design:            TOP
#  Command:           verify_drc
###############################################################

EndOfLine: ( EndOfLine Color Spacing ) Regular Wire of Net FE_PHN303_SPI_slave_inst_SHIFT_REG_4 & Pin of Cell U1871  ( M1 )
Bounds : ( 29.260, 31.410 ) ( 29.300, 31.420 )


SPACING: ( SameMask Spacing ) Regular Wire of Net FE_PHN303_SPI_slave_inst_SHIFT_REG_4 & Pin of Cell U1871  ( M1 )
Bounds : ( 29.260, 31.410 ) ( 29.300, 31.420 )


SHORT: ( Metal Short ) Regular Wire of Net n801 & Pin of Cell U1199  ( M1 )
Bounds : ( 32.170, 35.205 ) ( 32.210, 35.210 )


SHORT: ( Metal Short ) Regular Wire of Net n801 & Pin of Cell U1201  ( M1 )
Bounds : ( 34.026, 35.205 ) ( 34.066, 35.210 )


VIAENCLOSURE: ( Enclosure ) Regular Wire of Net FE_PHN53_SPI_OUT_RDY  ( V1 )
Bounds : ( 32.010, 24.790 ) ( 32.050, 24.830 )


SHORT: ( Metal Short ) Regular Wire of Net FE_PHN53_SPI_OUT_RDY & Blockage of Cell U1866  ( M1 )
Bounds : ( 31.980, 24.790 ) ( 31.984, 24.830 )


SHORT: ( Metal Short ) Regular Wire of Net n1574 & Pin of Cell DECAP174  ( M1 )
Bounds : ( 35.650, 21.390 ) ( 35.690, 21.395 )


SHORT: ( Metal Short ) Regular Wire of Net n1505 & Pin of Cell FE_PHC83_pkt_reg_inst_n29  ( M1 )
Bounds : ( 23.818, 28.480 ) ( 23.842, 28.520 )


SHORT: ( Metal Short ) Regular Wire of Net FE_OFN23_RX & Pin of Cell DECAP81  ( M1 )
Bounds : ( 28.458, 22.245 ) ( 28.498, 22.250 )


SHORT: ( Metal Short ) Regular Wire of Net FE_PHN34_SPI_slave_inst_SHIFT_REG_3 & Blockage of Cell U1873  ( M1 )
Bounds : ( 29.294, 30.700 ) ( 29.316, 30.740 )


SHORT: ( Metal Short ) Regular Wire of Net n973 & Blockage of Cell U1272  ( M1 )
Bounds : ( 31.126, 23.058 ) ( 31.166, 23.070 )


SHORT: ( Metal Short ) Regular Wire of Net n973 & Blockage of Cell U1272  ( M1 )
Bounds : ( 31.126, 23.132 ) ( 31.172, 23.155 )


SHORT: ( Metal Short ) Regular Wire of Net n973 & Blockage of Cell U1272  ( M1 )
Bounds : ( 31.126, 23.132 ) ( 31.166, 23.192 )


SHORT: ( Metal Short ) Regular Wire of Net n973 & Blockage of Cell U1272  ( M1 )
Bounds : ( 31.132, 23.132 ) ( 31.166, 23.212 )


SPACING: ( ParallelRunLength Spacing ) Regular Wire of Net n973 & Blockage of Cell U1272  ( M1 )
Bounds : ( 31.132, 23.212 ) ( 31.166, 23.245 )


VIAENCLOSURE: ( Enclosure ) Regular Wire of Net sh_sync_inst/interval_sum[24]  ( V1 )
Bounds : ( 11.088, 34.910 ) ( 11.128, 34.950 )


VIAENCLOSURE: ( Enclosure ) Regular Wire of Net sh_sync_inst/interval_sum[24]  ( V1 )
Bounds : ( 11.280, 32.940 ) ( 11.320, 32.980 )


CUTSPACING: ( Cut To Metal Concave Corner Spacing ) Regular Wire of Net sh_sync_inst/interval_sum[24]  ( V1 )
Bounds : ( 11.098, 34.910 ) ( 11.098, 34.910 )


CUTSPACING: ( Same Layer Cut Spacing ) Regular Wire of Net sh_sync_inst/interval_sum[24] & Pin of Cell U1651  ( V1 )
Bounds : ( 11.128, 34.910 ) ( 11.174, 34.942 )


EndOfLine: ( EndOfLine Color Spacing ) Regular Wire of Net sh_sync_inst/interval_sum[24] & Pin of Cell U1597  ( M1 )
Bounds : ( 11.290, 33.010 ) ( 11.320, 33.045 )


SPACING: ( SameMask Spacing ) Regular Wire of Net sh_sync_inst/interval_sum[24] & Pin of Cell U1597  ( M1 )
Bounds : ( 11.290, 33.010 ) ( 11.320, 33.045 )


SHORT: ( Metal Short ) Regular Wire of Net sh_sync_inst/interval_sum[24] & Pin of Cell U1651  ( M1 )
Bounds : ( 11.088, 34.880 ) ( 11.108, 34.890 )


SHORT: ( Metal Short ) Regular Wire of Net n1464 & Pin of Cell U1602  ( M1 )
Bounds : ( 12.798, 31.965 ) ( 12.838, 31.970 )


SPACING: ( ParallelRunLength Spacing ) Regular Wire of Net sh_sync_inst/interval_sum[24] & Pin of Cell U1651  ( M2 )
Bounds : ( 11.158, 34.910 ) ( 11.174, 34.970 )


SHORT: ( Metal Short ) Regular Wire of Net intadd_0/n1 & Pin of Cell DECAP43  ( M1 )
Bounds : ( 10.508, 23.950 ) ( 10.548, 24.010 )


SHORT: ( Metal Short ) Regular Wire of Net intadd_0/n1 & Pin of Cell U1573  ( M1 )
Bounds : ( 10.508, 23.950 ) ( 10.528, 24.090 )


SHORT: ( Metal Short ) Regular Wire of Net n1125 & Pin of Cell U1570  ( M1 )
Bounds : ( 12.450, 23.550 ) ( 12.490, 23.555 )


CUTSPACING: ( Same Layer Cut Spacing ) Regular Wire of Net n1237 & Regular Wire of Net n1231  ( V1 )
Bounds : ( 8.662, 26.430 ) ( 8.731, 26.442 )


VIAENCLOSURE: ( Enclosure ) Regular Wire of Net FE_PHN39_TX_SH  ( V1 )
Bounds : ( 31.812, 17.820 ) ( 31.852, 17.860 )


EndOfLine: ( EndOfLine Color Spacing ) Regular Wire of Net FE_PHN39_TX_SH & Pin of Cell U1166  ( M1 )
Bounds : ( 31.822, 17.890 ) ( 31.852, 17.925 )


SPACING: ( SameMask Spacing ) Regular Wire of Net FE_PHN39_TX_SH & Pin of Cell U1166  ( M1 )
Bounds : ( 31.822, 17.890 ) ( 31.852, 17.925 )


SHORT: ( Metal Short ) Regular Wire of Net sh_sync_inst/timeout_counter[0] & Pin of Cell U1351  ( M1 )
Bounds : ( 31.706, 14.685 ) ( 31.746, 14.690 )


SHORT: ( Metal Short ) Regular Wire of Net n986 & Pin of Cell U1331  ( M1 )
Bounds : ( 35.534, 14.685 ) ( 35.574, 14.690 )


SHORT: ( Metal Short ) Regular Wire of Net FE_PHN364_counter3_1 & Pin of Cell DECAP172  ( M1 )
Bounds : ( 35.534, 16.845 ) ( 35.574, 16.850 )


SHORT: ( Metal Short ) Regular Wire of Net n1435 & Pin of Cell U1459  ( M1 )
Bounds : ( 21.266, 17.070 ) ( 21.306, 17.075 )


EndOfLine: ( EndOfLine Color Spacing ) Regular Wire of Net n1069 & Pin of Cell U1505  ( M1 )
Bounds : ( 30.430, 14.635 ) ( 30.470, 14.685 )


SPACING: ( SameMask Spacing ) Regular Wire of Net n1069 & Pin of Cell U1505  ( M1 )
Bounds : ( 30.430, 14.635 ) ( 30.470, 14.685 )


SPACING: ( ParallelRunLength Spacing ) Regular Wire of Net n991 & Blockage of Cell U1317  ( M1 )
Bounds : ( 27.312, 12.910 ) ( 27.368, 12.940 )


VIAENCLOSURE: ( Enclosure ) Regular Wire of Net sh_sync_inst/pulse_gen_count[0]  ( V1 )
Bounds : ( 28.342, 11.740 ) ( 28.382, 11.780 )


EndOfLine: ( EndOfLine Color Spacing ) Regular Wire of Net sh_sync_inst/pulse_gen_count[0] & Pin of Cell U1498  ( M1 )
Bounds : ( 28.342, 11.675 ) ( 28.382, 11.710 )


SPACING: ( SameMask Spacing ) Regular Wire of Net sh_sync_inst/pulse_gen_count[0] & Pin of Cell U1498  ( M1 )
Bounds : ( 28.342, 11.675 ) ( 28.382, 11.710 )


VIAENCLOSURE: ( Enclosure ) Regular Wire of Net n1086  ( V1 )
Bounds : ( 25.548, 7.420 ) ( 25.588, 7.460 )


EndOfLine: ( EndOfLine Color Spacing ) Regular Wire of Net n1086 & Pin of Cell U1515  ( M1 )
Bounds : ( 25.558, 7.355 ) ( 25.588, 7.390 )


SPACING: ( SameMask Spacing ) Regular Wire of Net n1086 & Pin of Cell U1515  ( M1 )
Bounds : ( 25.558, 7.355 ) ( 25.588, 7.390 )


SHORT: ( Metal Short ) Regular Wire of Net FE_PHN72_sh_sync_inst_pulse_pack_count_1 & Pin of Cell DECAP95  ( M1 )
Bounds : ( 22.108, 8.830 ) ( 22.148, 8.890 )


SHORT: ( Metal Short ) Regular Wire of Net FE_PHN72_sh_sync_inst_pulse_pack_count_1 & Pin of Cell U1481  ( M1 )
Bounds : ( 22.108, 8.830 ) ( 22.128, 8.970 )


VIAENCLOSURE: ( Enclosure ) Regular Wire of Net n1300  ( V1 )
Bounds : ( 12.092, 17.820 ) ( 12.132, 17.860 )


VIAENCLOSURE: ( Enclosure ) Regular Wire of Net n1262  ( V1 )
Bounds : ( 15.698, 13.930 ) ( 15.738, 13.970 )


EndOfLine: ( EndOfLine Color Spacing ) Regular Wire of Net n1300 & Pin of Cell U1779  ( M1 )
Bounds : ( 12.102, 17.890 ) ( 12.132, 17.925 )


SPACING: ( SameMask Spacing ) Regular Wire of Net n1300 & Pin of Cell U1779  ( M1 )
Bounds : ( 12.102, 17.890 ) ( 12.132, 17.925 )


SHORT: ( Metal Short ) Regular Wire of Net n1262 & Blockage of Cell U1394  ( M1 )
Bounds : ( 15.698, 13.900 ) ( 15.736, 13.906 )


SPACING: ( ParallelRunLength Spacing ) Regular Wire of Net n1333 & Blockage of Cell U1810  ( M1 )
Bounds : ( 8.056, 10.180 ) ( 8.112, 10.210 )


EndOfLine: ( EndOfLine Color Spacing ) Regular Wire of Net n1372 & Pin of Cell U1855  ( M1 )
Bounds : ( 15.002, 7.355 ) ( 15.032, 7.390 )


SPACING: ( SameMask Spacing ) Regular Wire of Net n1372 & Pin of Cell U1855  ( M1 )
Bounds : ( 15.002, 7.355 ) ( 15.032, 7.390 )


VIAENCLOSURE: ( Enclosure ) Regular Wire of Net n1366  ( AY )
Bounds : ( 15.200, 5.500 ) ( 15.240, 5.540 )


EndOfLine: ( EndOfLine Color Spacing ) Regular Wire of Net n1366 & Pin of Cell U1850  ( M2 )
Bounds : ( 15.274, 5.190 ) ( 15.319, 5.190 )


SPACING: ( SameMask Spacing ) Regular Wire of Net n1366 & Pin of Cell U1850  ( M2 )
Bounds : ( 15.274, 5.190 ) ( 15.319, 5.190 )


EndOfLine: ( EndOfLine Color Spacing ) Regular Wire of Net FE_PHN116_sh_sync_inst_interval_sum_2 & Pin of Cell U1843  ( M1 )
Bounds : ( 13.610, 5.490 ) ( 13.650, 5.510 )


SPACING: ( SameMask Spacing ) Regular Wire of Net FE_PHN116_sh_sync_inst_interval_sum_2 & Pin of Cell U1843  ( M1 )
Bounds : ( 13.610, 5.490 ) ( 13.650, 5.510 )


MINSTEP: ( MinStep ) Regular Wire of Net FE_PHN116_sh_sync_inst_interval_sum_2  ( M1 )
Bounds : ( 13.650, 5.390 ) ( 13.680, 5.430 )


VIAENCLOSURE: ( Enclosure ) Regular Wire of Net n1372  ( V1 )
Bounds : ( 14.992, 7.420 ) ( 15.032, 7.460 )


  Total Violations : 61 Viols.
