 -------------------------------------------------------------------------------------------------------------------------------------------------------------------------------------------------------------------- 
| Snapshot                | WNS                  | TNS                  | Density (%) | Power estimated                                            | Hotspot                   | Resource               | DRVs       |
|                         | HEPG (ns) | ALL (ns) | HEPG (ns) | ALL (ns) |             | Total (mW) | Leakage (mW) | Switching (mW) | Internal (mW) | Max (bins) | Total (bins) | Real (s) | Memory (MB) | Tran | Cap |
|-------------------------+-----------+----------+-----------+----------+-------------+------------+--------------+----------------+---------------+------------+--------------+----------+-------------+------+-----|
| initial_summary         |    49.555 |   49.555 |           |        0 |       20.52 |            |              |                |               |            |              | 0:00:02  |       19805 |    0 |   0 |
| route_type_refinement   |           |          |           |          |             |            |              |                |               |            |              | 0:00:00  |       19805 |      |     |
| simplify_netlist        |           |          |           |          |             |       0.06 |         0.05 |           0.00 |          0.01 |            |              | 0:00:04  |       19832 |      |     |
| excluded_clk_net_fixing |           |          |           |          |             |            |              |                |               |            |              | 0:00:00  |       19829 |      |     |
| global_opt              |           |   49.555 |           |        0 |       20.52 |       0.06 |         0.05 |           0.00 |          0.01 |            |              | 0:00:06  |       19878 |      |     |
| area_reclaiming         |    49.722 |   49.555 |         0 |        0 |       20.52 |       0.06 |         0.05 |           0.00 |          0.01 |            |              | 0:00:04  |       19948 |      |     |
| wns_fixing              |    49.722 |    0.000 |         0 |        0 |       20.52 |       0.06 |         0.05 |           0.00 |          0.01 |            |              | 0:00:06  |       22686 |      |     |
| area_reclaiming_2       |    49.722 |   49.555 |         0 |        0 |       20.52 |       0.06 |         0.05 |           0.00 |          0.01 |            |              | 0:00:04  |       19987 |      |     |
| power_reclaiming        |    49.722 |   49.555 |         0 |        0 |       20.52 |       0.06 |         0.05 |           0.00 |          0.01 |            |              | 0:00:02  |       25354 |      |     |
| local_wire_reclaim      |           |          |           |          |             |            |              |                |               |            |              | 0:00:04  |       22420 |      |     |
| global_route            |           |          |           |          |             |            |              |                |               |       0.00 |         0.00 | 0:00:01  |       22230 |      |     |
| route_type_refinement_2 |           |          |           |          |             |            |              |                |               |            |              | 0:00:00  |       22230 |      |     |
| drv_eco_fixing          |    49.722 |   49.548 |         0 |        0 |       20.52 |       0.06 |         0.05 |           0.00 |          0.01 |            |              | 0:00:03  |       22079 |    0 |   0 |
| power_reclaiming_2      |    49.723 |   49.548 |         0 |        0 |       20.50 |       0.06 |         0.05 |           0.00 |          0.01 |            |              | 0:00:05  |       25418 |      |     |
| final_summary           |    49.723 |   49.548 |           |        0 |       20.50 |            |              |                |               |       0.00 |         0.00 | 0:00:04  |       22759 |    0 |   0 |
 -------------------------------------------------------------------------------------------------------------------------------------------------------------------------------------------------------------------- 
