###############################################################
#  Generated by:      Cadence Innovus 23.10-p003_1
#  OS:                Linux x86_64(Host ID bioeebeanie.bioeelocal)
#  Generated on:      Wed May 28 13:24:24 2025
#  Design:            TOP
#  Command:           verify_drc
###############################################################
#set_verify_drc_mode -area {0 0 0 0} -check_ndr_spacing auto -check_only default -check_same_via_cell true -disable_rules "" -exclude_pg_net false -ignore_cell_blockage false -ignore_trial_route false -limit 1000 -report TOP.drc.rpt -use_min_spacing_on_block_obs auto

SHORT: ( Cut Short ) Regular Wire of Net n1333 & Pin of Cell U1810  ( V1 )
Bounds : ( 45.742, 47.038 ) ( 45.766, 47.060 )


EndOfLine: ( EndOfLine Color Spacing ) Regular Wire of Net n1333 & Pin of Cell U1810  ( M1 )
Bounds : ( 45.656, 47.060 ) ( 45.676, 47.090 )


SPACING: ( SameMask Spacing ) Regular Wire of Net n1333 & Pin of Cell U1810  ( M1 )
Bounds : ( 45.656, 47.060 ) ( 45.676, 47.090 )


SHORT: ( Metal Short ) Regular Wire of Net n1333 & Blockage of Cell U1810  ( M1 )
Bounds : ( 45.740, 47.020 ) ( 45.796, 47.060 )


SHORT: ( Metal Short ) Regular Wire of Net n1333 & Pin of Cell U1810  ( M2 )
Bounds : ( 45.742, 47.020 ) ( 45.782, 47.060 )


SHORT: ( Metal Short ) Regular Wire of Net n1366 & Pin of Cell U1849  ( M2 )
Bounds : ( 49.254, 34.060 ) ( 49.262, 34.100 )


SHORT: ( Cut Short ) Regular Wire of Net FE_PHN128_sh_sync_inst_interval_sum_2 & Pin of Cell U1843  ( V1 )
Bounds : ( 49.338, 36.238 ) ( 49.362, 36.260 )


EndOfLine: ( EndOfLine Color Spacing ) Regular Wire of Net n1300 & Pin of Cell U1779  ( M1 )
Bounds : ( 43.190, 38.970 ) ( 43.220, 38.985 )


EndOfLine: ( EndOfLine Color Spacing ) Regular Wire of Net FE_PHN128_sh_sync_inst_interval_sum_2 & Pin of Cell U1843  ( M1 )
Bounds : ( 49.252, 36.260 ) ( 49.272, 36.290 )


SPACING: ( SameMask Spacing ) Regular Wire of Net n1300 & Pin of Cell U1779  ( M1 )
Bounds : ( 43.190, 38.970 ) ( 43.220, 38.985 )


SPACING: ( SameMask Spacing ) Regular Wire of Net FE_PHN128_sh_sync_inst_interval_sum_2 & Pin of Cell U1843  ( M1 )
Bounds : ( 49.252, 36.260 ) ( 49.272, 36.290 )


SHORT: ( Metal Short ) Regular Wire of Net FE_PHN128_sh_sync_inst_interval_sum_2 & Blockage of Cell U1843  ( M1 )
Bounds : ( 49.336, 36.220 ) ( 49.392, 36.260 )


SHORT: ( Metal Short ) Regular Wire of Net FE_PHN128_sh_sync_inst_interval_sum_2 & Pin of Cell U1843  ( M2 )
Bounds : ( 49.338, 36.220 ) ( 49.378, 36.260 )


SPACING: ( SameMask Spacing ) Regular Wire of Net n1262 & Blockage of Cell U1394  ( M1 )
Bounds : ( 40.292, 36.750 ) ( 40.340, 36.754 )


EndOfLine: ( EndOfLine Color Spacing ) Regular Wire of Net n1086 & Pin of Cell U1515  ( M1 )
Bounds : ( 27.878, 44.370 ) ( 27.908, 44.385 )


SPACING: ( SameMask Spacing ) Regular Wire of Net n1086 & Pin of Cell U1515  ( M1 )
Bounds : ( 27.878, 44.370 ) ( 27.908, 44.385 )


SPACING: ( SameMask Spacing ) Regular Wire of Net n1081 & Regular Wire of Net FE_PHN55_sh_sync_inst_pulse_pack_count_2  ( M2 )
Bounds : ( 31.654, 43.130 ) ( 31.706, 43.260 )


VIAENCLOSURE: ( Enclosure ) Regular Wire of Net FE_PHN349_sh_sync_inst_pulse_pack_count_1  ( V1 )
Bounds : ( 29.850, 41.980 ) ( 29.890, 42.020 )


SHORT: ( Metal Short ) Regular Wire of Net FE_PHN22_sh_sync_inst_pulse_gen_count_0 & Pin of Cell U1498  ( M1 )
Bounds : ( 27.656, 40.270 ) ( 27.686, 40.295 )


EndOfLine: ( EndOfLine Color Spacing ) Regular Wire of Net n1574 & Pin of Cell U1195  ( M1 )
Bounds : ( 18.492, 35.730 ) ( 18.522, 35.745 )


SPACING: ( SameMask Spacing ) Regular Wire of Net n1574 & Pin of Cell U1195  ( M1 )
Bounds : ( 18.492, 35.730 ) ( 18.522, 35.745 )


SHORT: ( Metal Short ) Regular Wire of Net FE_OFN25_RX & Pin of Cell FE_PHC836_CS  ( M1 )
Bounds : ( 19.294, 37.905 ) ( 19.334, 37.910 )


SHORT: ( Metal Short ) Regular Wire of Net n973 & Pin of Cell U1272  ( M1 )
Bounds : ( 20.454, 40.600 ) ( 20.494, 40.610 )


SHORT: ( Metal Short ) Regular Wire of Net TX_SH & Pin of Cell U1166  ( M1 )
Bounds : ( 23.702, 36.825 ) ( 23.742, 36.850 )


EndOfLine: ( EndOfLine Color Spacing ) Regular Wire of Net n801 & Pin of Cell U1199  ( M1 )
Bounds : ( 6.882, 43.290 ) ( 6.912, 43.305 )


SPACING: ( SameMask Spacing ) Regular Wire of Net n801 & Pin of Cell U1199  ( M1 )
Bounds : ( 6.882, 43.290 ) ( 6.912, 43.305 )


SHORT: ( Metal Short ) Regular Wire of Net FE_PHN32_SPI_slave_inst_SHIFT_REG_3 & Pin of Cell U1873  ( M1 )
Bounds : ( 8.158, 36.280 ) ( 8.198, 36.290 )


SHORT: ( Metal Short ) Regular Wire of Net FE_PHN24_SPI_slave_inst_SHIFT_REG_4 & Pin of Cell U2009  ( M1 )
Bounds : ( 8.738, 36.510 ) ( 8.778, 36.520 )


SHORT: ( Metal Short ) Regular Wire of Net n801 & Pin of Cell U1201  ( M1 )
Bounds : ( 12.682, 40.290 ) ( 12.722, 40.295 )


SHORT: ( Metal Short ) Regular Wire of Net SPI_OUT_RDY & Blockage of Cell U1866  ( M1 )
Bounds : ( 16.620, 37.182 ) ( 16.634, 37.220 )


VIAENCLOSURE: ( Enclosure ) Regular Wire of Net intadd_0/n1  ( V1 )
Bounds : ( 41.914, 26.460 ) ( 41.954, 26.500 )


SHORT: ( Metal Short ) Regular Wire of Net n1372 & Pin of Cell DECAP216  ( M1 )
Bounds : ( 40.648, 33.810 ) ( 40.678, 33.815 )


SHORT: ( Metal Short ) Regular Wire of Net n1125 & Pin of Cell U1570  ( M1 )
Bounds : ( 43.538, 27.310 ) ( 43.568, 27.335 )


SHORT: ( Metal Short ) Regular Wire of Net n1464 & Pin of Cell U1602  ( M1 )
Bounds : ( 35.776, 20.625 ) ( 35.806, 20.630 )


SHORT: ( Metal Short ) Regular Wire of Net sh_sync_inst/interval_sum[24] & Pin of Cell U1651  ( M1 )
Bounds : ( 36.346, 18.264 ) ( 36.460, 18.270 )


SHORT: ( Metal Short ) Regular Wire of Net FE_PHN1002_sh_sync_inst_interval_sum_24 & Pin of Cell U1597  ( M1 )
Bounds : ( 37.168, 20.830 ) ( 37.198, 20.855 )


SHORT: ( Metal Short ) Regular Wire of Net FE_PHN115_sh_sync_inst_timeout_counter_0 & Pin of Cell U1351  ( M1 )
Bounds : ( 29.850, 27.105 ) ( 29.890, 27.110 )


SHORT: ( Metal Short ) Regular Wire of Net n991 & Pin of Cell U1317  ( M1 )
Bounds : ( 29.386, 30.030 ) ( 29.426, 30.030 )


SPACING: ( SameMask Spacing ) Regular Wire of Net n1069 & Blockage of Cell U1505  ( M2 )
Bounds : ( 26.441, 27.480 ) ( 26.468, 27.610 )


SPACING: ( SameMask Spacing ) Regular Wire of Net n1435 & Pin of Cell U1459  ( M1 )
Bounds : ( 33.098, 29.250 ) ( 33.128, 29.265 )


SPACING: ( SameMask Spacing ) Regular Wire of Net counter3[1] & Pin of Cell U1285  ( M1 )
Bounds : ( 24.756, 32.735 ) ( 24.786, 32.750 )


SPACING: ( SameMask Spacing ) Regular Wire of Net n986 & Pin of Cell U1331  ( M1 )
Bounds : ( 22.668, 30.575 ) ( 22.698, 30.590 )


EndOfLine: ( EndOfLine Color Spacing ) Regular Wire of Net n1435 & Pin of Cell U1459  ( M1 )
Bounds : ( 33.098, 29.250 ) ( 33.128, 29.265 )


EndOfLine: ( EndOfLine Color Spacing ) Regular Wire of Net counter3[1] & Pin of Cell U1285  ( M1 )
Bounds : ( 24.756, 32.735 ) ( 24.786, 32.750 )


EndOfLine: ( EndOfLine Color Spacing ) Regular Wire of Net n986 & Pin of Cell U1331  ( M1 )
Bounds : ( 22.668, 30.575 ) ( 22.698, 30.590 )


SPACING: ( SameMask Spacing ) Regular Wire of Net n1505 & Blockage of Cell U1210  ( M2 )
Bounds : ( 14.725, 29.631 ) ( 14.752, 29.731 )


  Total Violations : 46 Viols.
