 -------------------------------------------------------------------------------------------------------------------------------------------------------------------------------------------------------------------- 
| Snapshot                | WNS                  | TNS                  | Density (%) | Power estimated                                            | Hotspot                   | Resource               | DRVs       |
|                         | HEPG (ns) | ALL (ns) | HEPG (ns) | ALL (ns) |             | Total (mW) | Leakage (mW) | Switching (mW) | Internal (mW) | Max (bins) | Total (bins) | Real (s) | Memory (MB) | Tran | Cap |
|-------------------------+-----------+----------+-----------+----------+-------------+------------+--------------+----------------+---------------+------------+--------------+----------+-------------+------+-----|
| initial_summary         |    49.554 |   49.554 |           |        0 |       19.12 |            |              |                |               |            |              | 0:00:02  |        3903 |    0 |   0 |
| route_type_refinement   |           |          |           |          |             |            |              |                |               |            |              | 0:00:00  |        3903 |      |     |
| simplify_netlist        |           |          |           |          |             |       0.07 |         0.06 |           0.00 |          0.01 |            |              | 0:00:05  |        3920 |      |     |
| excluded_clk_net_fixing |           |          |           |          |             |            |              |                |               |            |              | 0:00:00  |        3920 |      |     |
| global_opt              |           |   49.554 |           |        0 |       48.15 |       0.07 |         0.06 |           0.00 |          0.01 |            |              | 0:00:06  |        3942 |      |     |
| area_reclaiming         |    49.721 |   49.555 |         0 |        0 |       48.15 |       0.07 |         0.06 |           0.00 |          0.01 |            |              | 0:00:06  |        3956 |      |     |
| wns_fixing              |    49.721 |    0.000 |         0 |        0 |       48.15 |       0.07 |         0.06 |           0.00 |          0.01 |            |              | 0:00:05  |        4022 |      |     |
| area_reclaiming_2       |    49.721 |   49.555 |         0 |        0 |       48.15 |       0.07 |         0.06 |           0.00 |          0.01 |            |              | 0:00:06  |        3966 |      |     |
| power_reclaiming        |    49.721 |   49.555 |         0 |        0 |       48.15 |       0.07 |         0.06 |           0.00 |          0.01 |            |              | 0:00:03  |        4048 |      |     |
| local_wire_reclaim      |           |          |           |          |             |            |              |                |               |            |              | 0:00:03  |        3935 |      |     |
| global_route            |           |          |           |          |             |            |              |                |               |       0.00 |         0.00 | 0:00:00  |        3929 |      |     |
| route_type_refinement_2 |           |          |           |          |             |            |              |                |               |            |              | 0:00:00  |        3929 |      |     |
| drv_eco_fixing          |    49.725 |   49.556 |         0 |        0 |       48.15 |       0.07 |         0.06 |           0.00 |          0.01 |            |              | 0:00:03  |        3960 |    0 |   0 |
| power_reclaiming_2      |    49.725 |   49.559 |         0 |        0 |       48.12 |       0.06 |         0.06 |           0.00 |          0.01 |            |              | 0:00:10  |        4029 |      |     |
| final_summary           |    49.725 |   49.559 |           |        0 |       19.10 |            |              |                |               |       0.00 |         0.00 | 0:00:04  |        3958 |    0 |   0 |
 -------------------------------------------------------------------------------------------------------------------------------------------------------------------------------------------------------------------- 
