###############################################################
#  Generated by:      Cadence Innovus 23.10-p003_1
#  OS:                Linux x86_64(Host ID linrack12.bioeelocal)
#  Generated on:      Thu Jun  5 12:36:41 2025
#  Design:            TOP
#  Command:           checkDesign -all
###############################################################
Design: TOP

------ Design Summary:
Total Standard Cell Number   (cells) : 1440
Total Block Cell Number      (cells) : 0
Total I/O Pad Cell Number    (cells) : 0
Total Standard Cell Area     ( um^2) : 600.34
Total Block Cell Area        ( um^2) : 0.00
Total I/O Pad Cell Area      ( um^2) : 0.00

------ Design Statistics:

Number of Instances            : 1440
Number of Non-uniquified Insts : 1420
Number of Nets                 : 1465
Average number of Pins per Net : 3.42
Maximum number of Pins in Net  : 265

------ I/O Port summary

Number of Primary I/O Ports    : 19
Number of Input Ports          : 9
Number of Output Ports         : 10
Number of Bidirectional Ports  : 0
Number of Power/Ground Ports   : 0



------------------------------------------------------------
Detail report:


------ I/O Pad/Port Checking


