###############################################################
#  Generated by:      Cadence Innovus 23.10-p003_1
#  OS:                Linux x86_64(Host ID bioeebeanie.bioeelocal)
#  Generated on:      Tue May 27 17:46:32 2025
#  Design:            TOP
#  Command:           checkDesign -all
###############################################################
Design: TOP

------ Design Summary:
Total Standard Cell Number   (cells) : 1382
Total Block Cell Number      (cells) : 0
Total I/O Pad Cell Number    (cells) : 0
Total Standard Cell Area     ( um^2) : 553.99
Total Block Cell Area        ( um^2) : 0.00
Total I/O Pad Cell Area      ( um^2) : 0.00

------ Design Statistics:

Number of Instances            : 1382
Number of Non-uniquified Insts : 1369
Number of Nets                 : 1405
Average number of Pins per Net : 3.42
Maximum number of Pins in Net  : 225

------ I/O Port summary

Number of Primary I/O Ports    : 12
Number of Input Ports          : 8
Number of Output Ports         : 4
Number of Bidirectional Ports  : 0
Number of Power/Ground Ports   : 0



------------------------------------------------------------
Detail report:


------ I/O Pad/Port Checking


