# End time: 00:10:01 on Mar 31,2025, Elapsed time: 0:02:13
# Errors: 0, Warnings: 0
# vsim -c -l vsim.log SH_SYNC_tb 
# Start time: 00:10:01 on Mar 31,2025
# ** Note: (vsim-8009) Loading existing optimized design _opt
# Loading work.SH_SYNC_tb(fast)
# Loading work.UDB116SVT24_FDPQB_2(fast)
# Loading work.snps_dff_err(fast)
# Loading work.snps_dff(fast)
# Loading work.UDB116SVT24_ADDF_V1_1(fast)
# Loading work.UDB116SVT24_FDPQB_1P5(fast)
# Loading work.UDB116SVT24_FDPQ_1(fast)
# Loading work.UDB116SVT24_OR2_0P75(fast)
# Loading work.UDB116SVT24_OR4_1(fast)
# Loading work.UDB116SVT24_INV_0P75(fast)
# Loading work.UDB116SVT24_BUF_1(fast)
# Loading work.UDB116SVT24_OA31_1(fast)
# Loading work.UDB116SVT24_NR2_0P75(fast)
# Loading work.UDB116SVT24_ND2_MM_0P75(fast)
# Loading work.UDB116SVT24_AOI21_0P75(fast)
# Loading work.UDB116SVT24_NR2B_0P75(fast)
# Loading work.UDB116SVT24_ND4_0P75(fast)
# Loading work.UDB116SVT24_OR3B_0P75(fast)
# Loading work.UDB116SVT24_AOAI211_0P75(fast)
# Loading work.UDB116SVT24_OAI22_0P75(fast)
# Loading work.UDB116SVT24_OAI21_0P75(fast)
# Loading work.UDB116SVT24_OAI31_1(fast)
# Loading work.UDB116SVT24_NR3_0P75(fast)
# Loading work.UDB116SVT24_OA2BB2_0P75(fast)
# Loading work.UDB116SVT24_ND3_0P75(fast)
# Loading work.UDB116SVT24_AO21B_0P75(fast)
# Loading work.UDB116SVT24_NR4_0P75(fast)
# Loading work.UDB116SVT24_ND4B_1(fast)
# Loading work.UDB116SVT24_AOI31_0P75(fast)
# Loading work.UDB116SVT24_AOI21B_0P75(fast)
# Loading work.UDB116SVT24_AOI2222_V2_0P75(fast)
# Loading work.UDB116SVT24_AOI22_1(fast)
# Loading work.UDB116SVT24_OAI2111_1(fast)
# Loading work.UDB116SVT24_INV_1(fast)
# Loading work.UDB116SVT24_AN2_1(fast)
# Loading work.UDB116SVT24_AOI211_0P75(fast)
# Loading work.UDB116SVT24_OAI211_0P75(fast)
# Loading work.UDB116SVT24_AN3B_0P75(fast)
# Loading work.UDB116SVT24_AO221_0P75(fast)
# Loading work.UDB116SVT24_OAOI211_0P75(fast)
# Loading work.UDB116SVT24_ND2B_0P75(fast)
# Loading work.UDB116SVT24_OAI21B_1(fast)
# Loading work.UDB116SVT24_OAI311_1(fast)
# Loading work.UDB116SVT24_EO2_V2_1(fast)
# Loading work.UDB116SVT24_EN2_V2_0P75(fast)
# Loading work.UDB116SVT24_AO21_0P75(fast)
# Loading work.UDB116SVT24_AOI32_1(fast)
# Loading work.UDB116SVT24_OAI32_1(fast)
# Loading work.UDB116SVT24_OAOAI2111_1(fast)
# Loading work.UDB116SVT24_MAJI3_1(fast)
# Loading work.UDB116SVT24_AO22_1(fast)
vsim -view
desgin
# invalid command name "desgin"
design
# invalid command name "design"
design
# invalid command name "design"
vsim
# End time: 00:11:19 on Mar 31,2025, Elapsed time: 0:01:18
# Errors: 0, Warnings: 0
# vsim work.SH_SYNC_tb 
# Start time: 00:11:19 on Mar 31,2025
# ** Note: (vsim-8009) Loading existing optimized design _opt
# Loading work.SH_SYNC_tb(fast)
# Loading work.UDB116SVT24_FDPQB_2(fast)
# Loading work.snps_dff_err(fast)
# Loading work.snps_dff(fast)
# Loading work.UDB116SVT24_ADDF_V1_1(fast)
# Loading work.UDB116SVT24_FDPQB_1P5(fast)
# Loading work.UDB116SVT24_FDPQ_1(fast)
# Loading work.UDB116SVT24_OR2_0P75(fast)
# Loading work.UDB116SVT24_OR4_1(fast)
# Loading work.UDB116SVT24_INV_0P75(fast)
# Loading work.UDB116SVT24_BUF_1(fast)
# Loading work.UDB116SVT24_OA31_1(fast)
# Loading work.UDB116SVT24_NR2_0P75(fast)
# Loading work.UDB116SVT24_ND2_MM_0P75(fast)
# Loading work.UDB116SVT24_AOI21_0P75(fast)
# Loading work.UDB116SVT24_NR2B_0P75(fast)
# Loading work.UDB116SVT24_ND4_0P75(fast)
# Loading work.UDB116SVT24_OR3B_0P75(fast)
# Loading work.UDB116SVT24_AOAI211_0P75(fast)
# Loading work.UDB116SVT24_OAI22_0P75(fast)
# Loading work.UDB116SVT24_OAI21_0P75(fast)
# Loading work.UDB116SVT24_OAI31_1(fast)
# Loading work.UDB116SVT24_NR3_0P75(fast)
# Loading work.UDB116SVT24_OA2BB2_0P75(fast)
# Loading work.UDB116SVT24_ND3_0P75(fast)
# Loading work.UDB116SVT24_AO21B_0P75(fast)
# Loading work.UDB116SVT24_NR4_0P75(fast)
# Loading work.UDB116SVT24_ND4B_1(fast)
# Loading work.UDB116SVT24_AOI31_0P75(fast)
# Loading work.UDB116SVT24_AOI21B_0P75(fast)
# Loading work.UDB116SVT24_AOI2222_V2_0P75(fast)
# Loading work.UDB116SVT24_AOI22_1(fast)
# Loading work.UDB116SVT24_OAI2111_1(fast)
# Loading work.UDB116SVT24_INV_1(fast)
# Loading work.UDB116SVT24_AN2_1(fast)
# Loading work.UDB116SVT24_AOI211_0P75(fast)
# Loading work.UDB116SVT24_OAI211_0P75(fast)
# Loading work.UDB116SVT24_AN3B_0P75(fast)
# Loading work.UDB116SVT24_AO221_0P75(fast)
# Loading work.UDB116SVT24_OAOI211_0P75(fast)
# Loading work.UDB116SVT24_ND2B_0P75(fast)
# Loading work.UDB116SVT24_OAI21B_1(fast)
# Loading work.UDB116SVT24_OAI311_1(fast)
# Loading work.UDB116SVT24_EO2_V2_1(fast)
# Loading work.UDB116SVT24_EN2_V2_0P75(fast)
# Loading work.UDB116SVT24_AO21_0P75(fast)
# Loading work.UDB116SVT24_AOI32_1(fast)
# Loading work.UDB116SVT24_OAI32_1(fast)
# Loading work.UDB116SVT24_OAOAI2111_1(fast)
# Loading work.UDB116SVT24_MAJI3_1(fast)
# Loading work.UDB116SVT24_AO22_1(fast)
vsim work.SH_SYNC_tb
# End time: 00:11:43 on Mar 31,2025, Elapsed time: 0:00:24
# Errors: 0, Warnings: 0
# vsim work.SH_SYNC_tb 
# Start time: 00:11:43 on Mar 31,2025
# ** Note: (vsim-8009) Loading existing optimized design _opt
# Loading work.SH_SYNC_tb(fast)
# Loading work.UDB116SVT24_FDPQB_2(fast)
# Loading work.snps_dff_err(fast)
# Loading work.snps_dff(fast)
# Loading work.UDB116SVT24_ADDF_V1_1(fast)
# Loading work.UDB116SVT24_FDPQB_1P5(fast)
# Loading work.UDB116SVT24_FDPQ_1(fast)
# Loading work.UDB116SVT24_OR2_0P75(fast)
# Loading work.UDB116SVT24_OR4_1(fast)
# Loading work.UDB116SVT24_INV_0P75(fast)
# Loading work.UDB116SVT24_BUF_1(fast)
# Loading work.UDB116SVT24_OA31_1(fast)
# Loading work.UDB116SVT24_NR2_0P75(fast)
# Loading work.UDB116SVT24_ND2_MM_0P75(fast)
# Loading work.UDB116SVT24_AOI21_0P75(fast)
# Loading work.UDB116SVT24_NR2B_0P75(fast)
# Loading work.UDB116SVT24_ND4_0P75(fast)
# Loading work.UDB116SVT24_OR3B_0P75(fast)
# Loading work.UDB116SVT24_AOAI211_0P75(fast)
# Loading work.UDB116SVT24_OAI22_0P75(fast)
# Loading work.UDB116SVT24_OAI21_0P75(fast)
# Loading work.UDB116SVT24_OAI31_1(fast)
# Loading work.UDB116SVT24_NR3_0P75(fast)
# Loading work.UDB116SVT24_OA2BB2_0P75(fast)
# Loading work.UDB116SVT24_ND3_0P75(fast)
# Loading work.UDB116SVT24_AO21B_0P75(fast)
# Loading work.UDB116SVT24_NR4_0P75(fast)
# Loading work.UDB116SVT24_ND4B_1(fast)
# Loading work.UDB116SVT24_AOI31_0P75(fast)
# Loading work.UDB116SVT24_AOI21B_0P75(fast)
# Loading work.UDB116SVT24_AOI2222_V2_0P75(fast)
# Loading work.UDB116SVT24_AOI22_1(fast)
# Loading work.UDB116SVT24_OAI2111_1(fast)
# Loading work.UDB116SVT24_INV_1(fast)
# Loading work.UDB116SVT24_AN2_1(fast)
# Loading work.UDB116SVT24_AOI211_0P75(fast)
# Loading work.UDB116SVT24_OAI211_0P75(fast)
# Loading work.UDB116SVT24_AN3B_0P75(fast)
# Loading work.UDB116SVT24_AO221_0P75(fast)
# Loading work.UDB116SVT24_OAOI211_0P75(fast)
# Loading work.UDB116SVT24_ND2B_0P75(fast)
# Loading work.UDB116SVT24_OAI21B_1(fast)
# Loading work.UDB116SVT24_OAI311_1(fast)
# Loading work.UDB116SVT24_EO2_V2_1(fast)
# Loading work.UDB116SVT24_EN2_V2_0P75(fast)
# Loading work.UDB116SVT24_AO21_0P75(fast)
# Loading work.UDB116SVT24_AOI32_1(fast)
# Loading work.UDB116SVT24_OAI32_1(fast)
# Loading work.UDB116SVT24_OAOAI2111_1(fast)
# Loading work.UDB116SVT24_MAJI3_1(fast)
# Loading work.UDB116SVT24_AO22_1(fast)
show -r /*
# Unknown option: r
# ** UI-Msg: (vish-4005) Invalid argument '-r'.
# Usage: show [-all] [<path>]
show -all /*
# ** UI-Msg (suppressible): (vish-4008) Object '/*' not found.
# 
show /*
# ** UI-Msg (suppressible): (vish-4008) Object '/*' not found.
# 
show 
# Module SH_SYNC_tb {
#    {Root ..}
#    {Net sh_en}
#    {Net fsm_rst}
#    {Task RFIN}
#    {Task SEND_SYNC}
#    {Module uut}
# }
showuut
# invalid command name "showuut"
show uut
# Module uut {
#    {Module ..}
#    {Net N29}
#    {Net N30}
#    {Net N31}
#    {Net rfin_edge}
#    {Net N507}
#    {Net N508}
#    {Net N509}
#    {Net N514}
#    {Net N515}
#    {Net n144}
#    {Net n145}
#    {Net n146}
#    {Net n147}
#    {Net n148}
#    {Net n149}
#    {Net n150}
#    {Net n151}
#    {Net n152}
#    {Net n153}
#    {Net n154}
#    {Net n155}
#    {Net n156}
#    {Net n157}
#    {Net n158}
#    {Net n159}
#    {Net n160}
#    {Net n161}
#    {Net n162}
#    {Net n163}
#    {Net n177}
#    {Net n178}
#    {Net n179}
#    {Net n180}
#    {Net n181}
#    {Net n182}
#    {Net n183}
#    {Net n184}
#    {Net n185}
#    {Net n186}
#    {Net n187}
#    {Net n188}
#    {Net n189}
#    {Net n190}
#    {Net n191}
#    {Net n192}
#    {Net n193}
#    {Net n199}
#    {Net n200}
#    {Net n201}
#    {Net n202}
#    {Net n203}
#    {Net n204}
#    {Net n205}
#    {Net n206}
#    {Net n207}
#    {Net n208}
#    {Net n209}
#    {Net n210}
#    {Net n211}
#    {Net n212}
#    {Net n213}
#    {Net n214}
#    {Net n215}
#    {Net n216}
#    {Net n217}
#    {Net n218}
#    {Net n219}
#    {Net n220}
#    {Net n221}
#    {Net n222}
#    {Net n223}
#    {Net n224}
#    {Net n225}
#    {Net n226}
#    {Net n227}
#    {Net n228}
#    {Net n229}
#    {Net n230}
#    {Net n238}
#    {Net n239}
#    {Net n240}
#    {Net n241}
#    {Net n242}
#    {Net n243}
#    {Net n244}
#    {Net n245}
#    {Net n247}
#    {Net n248}
#    {Net n249}
#    {Net n251}
#    {Net n252}
#    {Net n253}
#    {Net n254}
#    {Net n255}
#    {Net n256}
#    {Net n257}
#    {Net n258}
#    {Net n259}
#    {Net n260}
#    {Net n261}
#    {Net n262}
#    {Net n263}
#    {Net n264}
#    {Net n265}
#    {Net n266}
#    {Net n267}
#    {Net n268}
#    {Net n269}
#    {Net n270}
#    {Net n271}
#    {Net n272}
#    {Net n273}
#    {Net n274}
#    {Net n275}
#    {Net n276}
#    {Net n277}
#    {Net n278}
#    {Net n279}
#    {Net n280}
#    {Net n281}
#    {Net n282}
#    {Net n283}
#    {Net n284}
#    {Net n285}
#    {Net n286}
#    {Net n287}
#    {Net n288}
#    {Net n289}
#    {Net n290}
#    {Net n291}
#    {Net n292}
#    {Net n293}
#    {Net n294}
#    {Net n295}
#    {Net n296}
#    {Net n297}
#    {Net n298}
#    {Net n299}
#    {Net n300}
#    {Net n301}
#    {Net n302}
#    {Net n303}
#    {Net n304}
#    {Net n305}
#    {Net n306}
#    {Net n307}
#    {Net n308}
#    {Net n309}
#    {Net n310}
#    {Net n311}
#    {Net n312}
#    {Net n313}
#    {Net n314}
#    {Net n315}
#    {Net n316}
#    {Net n317}
#    {Net n318}
#    {Net n319}
#    {Net n320}
#    {Net n321}
#    {Net n322}
#    {Net n323}
#    {Net n324}
#    {Net n325}
#    {Net n326}
#    {Net n327}
#    {Net n328}
#    {Net n329}
#    {Net n330}
#    {Net n331}
#    {Net n332}
#    {Net n333}
#    {Net n334}
#    {Net n335}
#    {Net n336}
#    {Net n337}
#    {Net n338}
#    {Net n339}
#    {Net n340}
#    {Net n341}
#    {Net n342}
#    {Net n343}
#    {Net n344}
#    {Net n345}
#    {
#       Net \intadd_0/A[12]  
#    }
#    {
#       Net \intadd_0/A[11]  
#    }
#    {
#       Net \intadd_0/A[10]  
#    }
#    {
#       Net \intadd_0/A[9]  
#    }
#    {
#       Net \intadd_0/A[8]  
#    }
#    {
#       Net \intadd_0/A[7]  
#    }
#    {
#       Net \intadd_0/A[6]  
#    }
#    {
#       Net \intadd_0/A[5]  
#    }
#    {
#       Net \intadd_0/A[4]  
#    }
#    {
#       Net \intadd_0/A[3]  
#    }
#    {
#       Net \intadd_0/A[2]  
#    }
#    {
#       Net \intadd_0/A[1]  
#    }
#    {
#       Net \intadd_0/A[0]  
#    }
#    {
#       Net \intadd_0/B[12]  
#    }
#    {
#       Net \intadd_0/B[11]  
#    }
#    {
#       Net \intadd_0/B[10]  
#    }
#    {
#       Net \intadd_0/B[9]  
#    }
#    {
#       Net \intadd_0/B[8]  
#    }
#    {
#       Net \intadd_0/B[7]  
#    }
#    {
#       Net \intadd_0/B[6]  
#    }
#    {
#       Net \intadd_0/B[5]  
#    }
#    {
#       Net \intadd_0/B[4]  
#    }
#    {
#       Net \intadd_0/B[3]  
#    }
#    {
#       Net \intadd_0/B[2]  
#    }
#    {
#       Net \intadd_0/B[1]  
#    }
#    {
#       Net \intadd_0/B[0]  
#    }
#    {
#       Net \intadd_0/CI  
#    }
#    {
#       Net \intadd_0/SUM[12]  
#    }
#    {
#       Net \intadd_0/SUM[11]  
#    }
#    {
#       Net \intadd_0/SUM[10]  
#    }
#    {
#       Net \intadd_0/SUM[9]  
#    }
#    {
#       Net \intadd_0/SUM[8]  
#    }
#    {
#       Net \intadd_0/SUM[7]  
#    }
#    {
#       Net \intadd_0/SUM[6]  
#    }
#    {
#       Net \intadd_0/SUM[5]  
#    }
#    {
#       Net \intadd_0/SUM[4]  
#    }
#    {
#       Net \intadd_0/SUM[3]  
#    }
#    {
#       Net \intadd_0/SUM[2]  
#    }
#    {
#       Net \intadd_0/SUM[1]  
#    }
#    {
#       Net \intadd_0/SUM[0]  
#    }
#    {
#       Net \intadd_0/n13  
#    }
#    {
#       Net \intadd_0/n12  
#    }
#    {
#       Net \intadd_0/n11  
#    }
#    {
#       Net \intadd_0/n10  
#    }
#    {
#       Net \intadd_0/n9  
#    }
#    {
#       Net \intadd_0/n8  
#    }
#    {
#       Net \intadd_0/n7  
#    }
#    {
#       Net \intadd_0/n6  
#    }
#    {
#       Net \intadd_0/n5  
#    }
#    {
#       Net \intadd_0/n4  
#    }
#    {
#       Net \intadd_0/n3  
#    }
#    {
#       Net \intadd_0/n2  
#    }
#    {
#       Net \intadd_0/n1  
#    }
#    {Net n346}
#    {Net n347}
#    {Net n348}
#    {Net n349}
#    {Net n350}
#    {Net n351}
#    {Net n352}
#    {Net n353}
#    {Net n354}
#    {Net n355}
#    {Net n356}
#    {Net n357}
#    {Net n358}
#    {Net n359}
#    {Net n360}
#    {Net n361}
#    {Net n362}
#    {Net n363}
#    {Net n364}
#    {Net n365}
#    {Net n366}
#    {Net n367}
#    {Net n368}
#    {Net n369}
#    {Net n370}
#    {Net n371}
#    {Net n372}
#    {Net n373}
#    {Net n374}
#    {Net n375}
#    {Net n376}
#    {Net n377}
#    {Net n378}
#    {Net n379}
#    {Net n380}
#    {Net n381}
#    {Net n382}
#    {Net n383}
#    {Net n384}
#    {Net n385}
#    {Net n386}
#    {Net n387}
#    {Net n388}
#    {Net n389}
#    {Net n390}
#    {Net n391}
#    {Net n392}
#    {Net n393}
#    {Net n394}
#    {Net n395}
#    {Net n396}
#    {Net n397}
#    {Net n398}
#    {Net n399}
#    {Net n400}
#    {Net n401}
#    {Net n402}
#    {Net n403}
#    {Net n404}
#    {Net n405}
#    {Net n406}
#    {Net n407}
#    {Net n408}
#    {Net n409}
#    {Net n410}
#    {Net n411}
#    {Net n412}
#    {Net n413}
#    {Net n414}
#    {Net n415}
#    {Net n416}
#    {Net n417}
#    {Net n418}
#    {Net n419}
#    {Net n420}
#    {Net n421}
#    {Net n422}
#    {Net n423}
#    {Net n424}
#    {Net n425}
#    {Net n426}
#    {Net n427}
#    {Net n428}
#    {Net n429}
#    {Net n430}
#    {Net n431}
#    {Net n432}
#    {Net n433}
#    {Net n434}
#    {Net n435}
#    {Net n436}
#    {Net n437}
#    {Net n438}
#    {Net n439}
#    {Net n440}
#    {Net n441}
#    {Net n442}
#    {Net n443}
#    {Net n444}
#    {Net n445}
#    {Net n446}
#    {Net n447}
#    {Net n448}
#    {Net n449}
#    {Net n450}
#    {Net n451}
#    {Net n452}
#    {Net n453}
#    {Net n454}
#    {Net n455}
#    {Net n456}
#    {Net n457}
#    {Net n458}
#    {Net n459}
#    {Net n460}
#    {Net n461}
#    {Net n462}
#    {Net n463}
#    {Net n464}
#    {Net n465}
#    {Net n466}
#    {Net n467}
#    {Net n468}
#    {Net n469}
#    {Net n470}
#    {Net n471}
#    {Net n472}
#    {Net n473}
#    {Net n474}
#    {Net n475}
#    {Net n476}
#    {Net n477}
#    {Net n478}
#    {Net n479}
#    {Net n480}
#    {Net n481}
#    {Net n482}
#    {Net n483}
#    {Net n484}
#    {Net n485}
#    {Net n486}
#    {Net n487}
#    {Net n488}
#    {Net n489}
#    {Net n490}
#    {Net n491}
#    {Net n492}
#    {Net n493}
#    {Net n494}
#    {Net n495}
#    {Net n496}
#    {Net n497}
#    {Net n498}
#    {Net n499}
#    {Net n500}
#    {Net n501}
#    {Net n502}
#    {Net n503}
#    {Net n504}
#    {Net n505}
#    {Net n506}
#    {Net n507}
#    {Net n508}
#    {Net n509}
#    {Net n510}
#    {Net n511}
#    {Net n512}
#    {Net n513}
#    {Net n514}
#    {Net n515}
#    {Net n516}
#    {Net n517}
#    {Net n518}
#    {Net n519}
#    {Net n520}
#    {Net n521}
#    {Net n522}
#    {Net n523}
#    {Net n524}
#    {Net n525}
#    {Net n526}
#    {Net n527}
#    {Net n528}
#    {Net n529}
#    {Net n530}
#    {Net n531}
#    {Net n532}
#    {Net n533}
#    {Net n534}
#    {Net n535}
#    {Net n536}
#    {Net n537}
#    {Net n538}
#    {Net n539}
#    {Net n540}
#    {Net n541}
#    {Net n542}
#    {Net n543}
#    {Net n544}
#    {Net n545}
#    {Net n546}
#    {Net n547}
#    {Net n548}
#    {Net n549}
#    {Net n550}
#    {Net n551}
#    {Net n552}
#    {Net n553}
#    {Net n554}
#    {Net n555}
#    {Net n556}
#    {Net n557}
#    {Net n558}
#    {Net n559}
#    {Net n560}
#    {Net n561}
#    {Net n562}
#    {Net n563}
#    {Net n564}
#    {Net n565}
#    {Net n566}
#    {Net n567}
#    {Net n568}
#    {Net n569}
#    {Net n570}
#    {Net n571}
#    {Net n572}
#    {Net n573}
#    {Net n574}
#    {Net n575}
#    {Net n576}
#    {Net n577}
#    {Net n578}
#    {Net n579}
#    {Net n580}
#    {Net n581}
#    {Net n582}
#    {Net n583}
#    {Net n584}
#    {Net n585}
#    {Net n586}
#    {Net n587}
#    {Net n588}
#    {Net n589}
#    {Net n590}
#    {Net n591}
#    {Net n592}
#    {Net n593}
#    {Net n594}
#    {Net n595}
#    {Net n596}
#    {Net n597}
#    {Net n598}
#    {Net n599}
#    {Net n600}
#    {Net n601}
#    {Net n602}
#    {Net n603}
#    {Net n604}
#    {Net n605}
#    {Net n606}
#    {Net n607}
#    {Net n608}
#    {Net n609}
#    {Net n610}
#    {Net n611}
#    {Net n612}
#    {Net n613}
#    {Net n614}
#    {Net n615}
#    {Net n616}
#    {Net n617}
#    {Net n618}
#    {Net n619}
#    {Net n620}
#    {Net n621}
#    {Net n622}
#    {Net n623}
#    {Net n624}
#    {Net n625}
#    {Net n626}
#    {Net n627}
#    {Net n628}
#    {Net n629}
#    {Net n630}
#    {Net n631}
#    {Net n632}
#    {Net n633}
#    {Net n634}
#    {Net n635}
#    {Net n636}
#    {Net n637}
#    {Net n638}
#    {Net n639}
#    {Net n640}
#    {Net n641}
#    {Net n642}
#    {Net n643}
#    {Net n644}
#    {Net n645}
#    {Net n646}
#    {Net n647}
#    {Net n648}
#    {Net n649}
#    {Net n650}
#    {Net n651}
#    {Net n652}
#    {Net n653}
#    {Net n654}
#    {Net n655}
#    {Net n656}
#    {Net n657}
#    {Net n658}
#    {Net n659}
#    {Net n660}
#    {Net n661}
#    {Net n662}
#    {Net n663}
#    {Net n664}
#    {Net n665}
#    {Net n666}
#    {Net n667}
#    {Net n668}
#    {Net n669}
#    {Net n670}
#    {Net n671}
#    {Net n672}
#    {Net n673}
#    {Net n674}
#    {Net n675}
#    {Net n676}
#    {Net n677}
#    {Net n678}
#    {Net n679}
#    {Net n680}
#    {Net n681}
#    {Net n682}
#    {Net n683}
#    {Net n684}
#    {Net n685}
#    {Net n686}
#    {Net n687}
#    {Net n688}
#    {Net n689}
#    {Net n690}
#    {Net n691}
#    {Net n692}
#    {Net n693}
#    {Net n694}
#    {Net n695}
#    {Net n696}
#    {Net n697}
#    {Net n698}
#    {Net n699}
#    {Net n700}
#    {Net n701}
#    {Net n702}
#    {Net n703}
#    {Net n704}
#    {Net n705}
#    {Net n706}
#    {Net n707}
#    {Net n708}
#    {Net n709}
#    {Net n710}
#    {Net n711}
#    {Net n712}
#    {Net n713}
#    {Net n714}
#    {Net n715}
#    {Net n716}
#    {Net n717}
#    {Net n718}
#    {Net n719}
#    {Net n720}
#    {Net n721}
#    {Net n722}
#    {Net n723}
#    {Net n724}
#    {Net n725}
#    {Net n726}
#    {Net n727}
#    {Net n728}
#    {Net n729}
#    {Net n730}
#    {Net n731}
#    {Net n732}
#    {Net n733}
#    {Net n734}
#    {Net n735}
#    {Net n736}
#    {Net n737}
#    {Net n738}
#    {Net n739}
#    {Net n740}
#    {Net n741}
#    {Net n742}
#    {Net n743}
#    {Net n744}
#    {Net n745}
#    {Net n746}
#    {Net n747}
#    {Net n748}
#    {Net n749}
#    {Net n750}
#    {Net n751}
#    {Net n752}
#    {Net n753}
#    {Net n754}
#    {Net n755}
#    {Net n756}
#    {Net n757}
#    {Net n758}
#    {Net n759}
#    {Net n760}
#    {Net n761}
#    {Net n762}
#    {Net n763}
#    {Net n764}
#    {Net n765}
#    {Net n766}
#    {Net n767}
#    {Net n768}
#    {Net n769}
#    {Net n770}
#    {Net n771}
#    {Net n772}
#    {Net n773}
#    {Net n774}
#    {Net n775}
#    {Net n776}
#    {Net n777}
#    {Net n778}
#    {Net n779}
#    {Net n780}
#    {Net n781}
#    {Net n782}
#    {Net n783}
#    {Net n784}
#    {Net n785}
#    {Net n786}
#    {Net n787}
#    {Net n788}
#    {Net n789}
#    {Net n790}
#    {Net n791}
#    {Net n792}
#    {Net n793}
#    {Net n794}
#    {Net n795}
#    {Net n796}
#    {Net n797}
#    {Net n798}
#    {Net n799}
#    {Net n800}
#    {Net n801}
#    {Net n802}
#    {Net n803}
#    {Net n804}
#    {Net n805}
#    {Net n806}
#    {Net n807}
#    {Net n808}
#    {Net n809}
#    {Net n810}
#    {Net n811}
#    {Net n812}
#    {Net n813}
#    {Net n814}
#    {Net n815}
#    {Net n816}
#    {Net n817}
#    {Net n818}
#    {Net n819}
#    {Net n820}
#    {Net n821}
#    {Net n822}
#    {Net n823}
#    {Net n824}
#    {Net n825}
#    {Net n826}
#    {Net n827}
#    {Net n828}
#    {Net n829}
#    {Net n830}
#    {Net n831}
#    {Net n832}
#    {Net n833}
#    {Net n834}
#    {Net n835}
#    {Net n836}
#    {Net n837}
#    {Net n838}
#    {Net n839}
#    {Net n840}
#    {Net n841}
#    {Net n842}
#    {Net n843}
#    {Net n844}
#    {Net n845}
#    {Net n846}
#    {Net n847}
#    {Net n848}
#    {Net n849}
#    {Net n850}
#    {Net n851}
#    {Net n852}
#    {Net n853}
#    {Net n854}
#    {Net n855}
#    {Net n856}
#    {Net n857}
#    {Net n858}
#    {Net n859}
#    {Net n860}
#    {Net n861}
#    {Net n862}
#    {Net n863}
#    {Net n864}
#    {Net n865}
#    {Net n866}
#    {Net n867}
#    {Net n868}
#    {Net n869}
#    {Net n870}
#    {Net n871}
#    {Net n872}
#    {Net n873}
#    {Net n874}
#    {Net n875}
#    {Net n876}
#    {Net n877}
#    {Net n878}
#    {Net n879}
#    {Net n880}
#    {Net n881}
#    {Net n882}
#    {Net n883}
#    {Net n884}
#    {Net n885}
#    {Net n886}
#    {Net n887}
#    {Net n888}
#    {Net n889}
#    {Net n890}
#    {Net n891}
#    {Net n892}
#    {Net n893}
#    {Net n894}
#    {Net n895}
#    {Net n896}
#    {Net n897}
#    {Net n898}
#    {Net n899}
#    {Net n900}
#    {Net n901}
#    {Net n902}
#    {Net n903}
#    {Net n904}
#    {Net n905}
#    {Net n906}
#    {Net n907}
#    {Net n908}
#    {Net n909}
#    {Net n910}
#    {Net n911}
#    {Net n912}
#    {Net n913}
#    {Net n914}
#    {Net n915}
#    {Net n916}
#    {Net n917}
#    {Net n918}
#    {Net n919}
#    {Net n920}
#    {Net n921}
#    {Net n922}
#    {Net n923}
#    {Net n924}
#    {Net n925}
#    {Net n926}
#    {Net n927}
#    {Net n928}
#    {Net n929}
#    {Net n930}
#    {Net n931}
#    {Net n932}
#    {Net n933}
#    {Net n934}
#    {Net n935}
#    {Net n936}
#    {Net n937}
#    {Net n938}
#    {Net n939}
#    {Net n940}
#    {Net n941}
#    {Net n942}
#    {Net n943}
#    {Net n944}
#    {Net n945}
#    {Net n946}
#    {Net n947}
#    {Net n948}
#    {Net n949}
#    {Net n950}
#    {Net n951}
#    {Net n952}
#    {Net n953}
#    {Net n954}
#    {Net n955}
#    {Net n956}
#    {Net n957}
#    {Net n958}
#    {Net n959}
#    {Net n960}
#    {Net n961}
#    {Net n962}
#    {Net n963}
#    {Net n964}
#    {Net n965}
#    {Net n966}
#    {Net n967}
#    {Net n968}
#    {Net n969}
#    {Net n970}
#    {Net n971}
#    {Net n972}
#    {Net n973}
#    {Net n974}
#    {Net n975}
#    {Net n976}
#    {Net n977}
#    {Net n978}
#    {Net n979}
#    {Net n980}
#    {Net n981}
#    {Net n982}
#    {Net n983}
#    {Net n984}
#    {Net n985}
#    {Net n986}
#    {Net n987}
#    {Net n988}
#    {Net n989}
#    {Net n990}
#    {Net n991}
#    {Net n992}
#    {Module tx_rdy_prev_reg}
#    {Module tx_rdy_p_reg}
#    {
#       Module \pulse_gen_count_reg[0]  
#    }
#    {
#       Module \pulse_gen_count_reg[1]  
#    }
#    {
#       Module \pulse_gen_count_reg[2]  
#    }
#    {
#       Module \pulse_gen_count_reg[3]  
#    }
#    {
#       Module \pulse_gen_count_reg[4]  
#    }
#    {
#       Module \pulse_gen_count_reg[5]  
#    }
#    {
#       Module \pulse_gen_count_reg[6]  
#    }
#    {
#       Module \pulse_pack_count_reg[0]  
#    }
#    {
#       Module \pulse_pack_count_reg[6]  
#    }
#    {
#       Module \pulse_pack_count_reg[5]  
#    }
#    {
#       Module \pulse_pack_count_reg[4]  
#    }
#    {
#       Module \pulse_pack_count_reg[3]  
#    }
#    {
#       Module \pulse_pack_count_reg[1]  
#    }
#    {Module rfin_sync1_reg}
#    {Module rfin_sync2_reg}
#    {Module rfin_prev_reg}
#    {Module fsm_rst_reg}
#    {
#       Module \timeout_counter_reg[1]  
#    }
#    {
#       Module \timeout_counter_reg[2]  
#    }
#    {
#       Module \timeout_counter_reg[3]  
#    }
#    {
#       Module \timeout_counter_reg[4]  
#    }
#    {
#       Module \timeout_counter_reg[5]  
#    }
#    {
#       Module \timeout_counter_reg[6]  
#    }
#    {
#       Module \timeout_counter_reg[7]  
#    }
#    {
#       Module \timeout_counter_reg[8]  
#    }
#    {
#       Module \timeout_counter_reg[9]  
#    }
#    {
#       Module \timeout_counter_reg[11]  
#    }
#    {
#       Module \timeout_counter_reg[12]  
#    }
#    {
#       Module \timeout_counter_reg[13]  
#    }
#    {
#       Module \pulse_count_reg[1]  
#    }
#    {
#       Module \pulse_count_reg[3]  
#    }
#    {
#       Module \counter_reg[7]  
#    }
#    {
#       Module \counter_reg[8]  
#    }
#    {
#       Module \avg_interval_reg[0]  
#    }
#    {
#       Module \avg_interval_reg[13]  
#    }
#    {
#       Module \avg_interval_reg[12]  
#    }
#    {
#       Module \avg_interval_reg[11]  
#    }
#    {
#       Module \avg_interval_reg[10]  
#    }
#    {
#       Module \avg_interval_reg[9]  
#    }
#    {
#       Module \avg_interval_reg[8]  
#    }
#    {
#       Module \avg_interval_reg[6]  
#    }
#    {
#       Module \avg_interval_reg[5]  
#    }
#    {
#       Module \avg_interval_reg[4]  
#    }
#    {
#       Module \avg_interval_reg[3]  
#    }
#    {
#       Module \avg_interval_reg[2]  
#    }
#    {
#       Module \avg_interval_reg[1]  
#    }
#    {
#       Module \interval_sum_reg[0]  
#    }
#    {
#       Module \interval_sum_reg[11]  
#    }
#    {
#       Module \interval_sum_reg[15]  
#    }
#    {
#       Module \interval_sum_reg[17]  
#    }
#    {
#       Module \interval_sum_reg[18]  
#    }
#    {
#       Module \interval_sum_reg[19]  
#    }
#    {
#       Module \interval_sum_reg[20]  
#    }
#    {
#       Module \interval_sum_reg[21]  
#    }
#    {
#       Module \interval_sum_reg[23]  
#    }
#    {
#       Module \interval_sum_reg[24]  
#    }
#    {
#       Module \interval_sum_reg[25]  
#    }
#    {
#       Module \interval_sum_reg[26]  
#    }
#    {
#       Module \interval_sum_reg[27]  
#    }
#    {
#       Module \interval_sum_reg[28]  
#    }
#    {Module first_pulse_flag_reg}
#    {Module sh_en_reg}
#    {
#       Module \intadd_0/U2  
#    }
#    {
#       Module \intadd_0/U3  
#    }
#    {
#       Module \intadd_0/U4  
#    }
#    {
#       Module \intadd_0/U5  
#    }
#    {
#       Module \intadd_0/U6  
#    }
#    {
#       Module \intadd_0/U7  
#    }
#    {
#       Module \intadd_0/U8  
#    }
#    {
#       Module \intadd_0/U9  
#    }
#    {
#       Module \intadd_0/U10  
#    }
#    {
#       Module \intadd_0/U14  
#    }
#    {
#       Module \intadd_0/U13  
#    }
#    {
#       Module \intadd_0/U12  
#    }
#    {
#       Module \intadd_0/U11  
#    }
#    {
#       Module \interval_sum_reg[13]  
#    }
#    {
#       Module \counter_reg[4]  
#    }
#    {
#       Module \counter_reg[13]  
#    }
#    {
#       Module \interval_sum_reg[4]  
#    }
#    {
#       Module \interval_sum_reg[7]  
#    }
#    {
#       Module \counter_reg[2]  
#    }
#    {
#       Module \interval_sum_reg[10]  
#    }
#    {
#       Module \interval_sum_reg[1]  
#    }
#    {
#       Module \counter_reg[9]  
#    }
#    {
#       Module \counter_reg[12]  
#    }
#    {
#       Module \counter_reg[5]  
#    }
#    {
#       Module \state_reg[2]  
#    }
#    {
#       Module \state_reg[0]  
#    }
#    {
#       Module \counter_reg[0]  
#    }
#    {
#       Module \counter_reg[1]  
#    }
#    {
#       Module \interval_sum_reg[3]  
#    }
#    {
#       Module \interval_sum_reg[8]  
#    }
#    {
#       Module \counter_reg[11]  
#    }
#    {
#       Module \counter_reg[3]  
#    }
#    {
#       Module \interval_sum_reg[30]  
#    }
#    {
#       Module \counter_reg[6]  
#    }
#    {
#       Module \counter_reg[10]  
#    }
#    {
#       Module \counter_reg[14]  
#    }
#    {
#       Module \interval_sum_reg[31]  
#    }
#    {
#       Module \interval_sum_reg[5]  
#    }
#    {
#       Module \interval_sum_reg[14]  
#    }
#    {
#       Module \interval_sum_reg[12]  
#    }
#    {
#       Module \interval_sum_reg[9]  
#    }
#    {
#       Module \interval_sum_reg[6]  
#    }
#    {
#       Module \interval_sum_reg[2]  
#    }
#    {
#       Module \pulse_count_reg[2]  
#    }
#    {
#       Module \pulse_count_reg[0]  
#    }
#    {
#       Module \timeout_counter_reg[0]  
#    }
#    {
#       Module \state_reg[1]  
#    }
#    {
#       Module \interval_sum_reg[16]  
#    }
#    {
#       Module \interval_sum_reg[29]  
#    }
#    {
#       Module \pulse_pack_count_reg[2]  
#    }
#    {
#       Module \timeout_counter_reg[10]  
#    }
#    {
#       Module \avg_interval_reg[7]  
#    }
#    {
#       Module \interval_sum_reg[22]  
#    }
#    {Module rfin_edge_reg}
#    {Module U330}
#    {Module U331}
#    {Module U332}
#    {Module U333}
#    {Module U334}
#    {Module U335}
#    {Module U336}
#    {Module U337}
#    {Module U338}
#    {Module U339}
#    {Module U340}
#    {Module U341}
#    {Module U342}
#    {Module U343}
#    {Module U344}
#    {Module U345}
#    {Module U346}
#    {Module U347}
#    {Module U348}
#    {Module U349}
#    {Module U350}
#    {Module U351}
#    {Module U352}
#    {Module U353}
#    {Module U354}
#    {Module U355}
#    {Module U356}
#    {Module U357}
#    {Module U358}
#    {Module U359}
#    {Module U360}
#    {Module U361}
#    {Module U362}
#    {Module U363}
#    {Module U364}
#    {Module U365}
#    {Module U366}
#    {Module U367}
#    {Module U368}
#    {Module U369}
#    {Module U370}
#    {Module U371}
#    {Module U372}
#    {Module U373}
#    {Module U374}
#    {Module U375}
#    {Module U376}
#    {Module U377}
#    {Module U378}
#    {Module U379}
#    {Module U380}
#    {Module U381}
#    {Module U382}
#    {Module U383}
#    {Module U384}
#    {Module U385}
#    {Module U386}
#    {Module U387}
#    {Module U388}
#    {Module U389}
#    {Module U390}
#    {Module U391}
#    {Module U392}
#    {Module U393}
#    {Module U394}
#    {Module U395}
#    {Module U396}
#    {Module U397}
#    {Module U398}
#    {Module U399}
#    {Module U400}
#    {Module U401}
#    {Module U402}
#    {Module U403}
#    {Module U404}
#    {Module U405}
#    {Module U406}
#    {Module U407}
#    {Module U408}
#    {Module U409}
#    {Module U410}
#    {Module U411}
#    {Module U412}
#    {Module U413}
#    {Module U414}
#    {Module U415}
#    {Module U416}
#    {Module U417}
#    {Module U418}
#    {Module U419}
#    {Module U420}
#    {Module U421}
#    {Module U422}
#    {Module U423}
#    {Module U424}
#    {Module U425}
#    {Module U426}
#    {Module U427}
#    {Module U428}
#    {Module U429}
#    {Module U430}
#    {Module U431}
#    {Module U432}
#    {Module U433}
#    {Module U434}
#    {Module U435}
#    {Module U436}
#    {Module U437}
#    {Module U438}
#    {Module U439}
#    {Module U440}
#    {Module U441}
#    {Module U442}
#    {Module U443}
#    {Module U444}
#    {Module U445}
#    {Module U446}
#    {Module U447}
#    {Module U448}
#    {Module U449}
#    {Module U450}
#    {Module U451}
#    {Module U452}
#    {Module U453}
#    {Module U454}
#    {Module U455}
#    {Module U456}
#    {Module U457}
#    {Module U458}
#    {Module U459}
#    {Module U460}
#    {Module U461}
#    {Module U462}
#    {Module U463}
#    {Module U464}
#    {Module U465}
#    {Module U466}
#    {Module U467}
#    {Module U468}
#    {Module U469}
#    {Module U470}
#    {Module U471}
#    {Module U472}
#    {Module U473}
#    {Module U474}
#    {Module U475}
#    {Module U476}
#    {Module U477}
#    {Module U478}
#    {Module U479}
#    {Module U480}
#    {Module U481}
#    {Module U482}
#    {Module U483}
#    {Module U484}
#    {Module U485}
#    {Module U486}
#    {Module U487}
#    {Module U488}
#    {Module U489}
#    {Module U490}
#    {Module U491}
#    {Module U492}
#    {Module U493}
#    {Module U494}
#    {Module U495}
#    {Module U496}
#    {Module U497}
#    {Module U498}
#    {Module U499}
#    {Module U500}
#    {Module U501}
#    {Module U502}
#    {Module U503}
#    {Module U504}
#    {Module U505}
#    {Module U506}
#    {Module U507}
#    {Module U508}
#    {Module U509}
#    {Module U510}
#    {Module U511}
#    {Module U512}
#    {Module U513}
#    {Module U514}
#    {Module U515}
#    {Module U516}
#    {Module U517}
#    {Module U518}
#    {Module U519}
#    {Module U520}
#    {Module U521}
#    {Module U522}
#    {Module U523}
#    {Module U524}
#    {Module U525}
#    {Module U526}
#    {Module U527}
#    {Module U528}
#    {Module U529}
#    {Module U530}
#    {Module U531}
#    {Module U532}
#    {Module U533}
#    {Module U534}
#    {Module U535}
#    {Module U536}
#    {Module U537}
#    {Module U538}
#    {Module U539}
#    {Module U540}
#    {Module U541}
#    {Module U542}
#    {Module U543}
#    {Module U544}
#    {Module U545}
#    {Module U546}
#    {Module U547}
#    {Module U548}
#    {Module U549}
#    {Module U550}
#    {Module U551}
#    {Module U552}
#    {Module U553}
#    {Module U554}
#    {Module U555}
#    {Module U556}
#    {Module U557}
#    {Module U558}
#    {Module U559}
#    {Module U560}
#    {Module U561}
#    {Module U562}
#    {Module U563}
#    {Module U564}
#    {Module U565}
#    {Module U566}
#    {Module U567}
#    {Module U568}
#    {Module U569}
#    {Module U570}
#    {Module U571}
#    {Module U572}
#    {Module U573}
#    {Module U574}
#    {Module U575}
#    {Module U576}
#    {Module U577}
#    {Module U578}
#    {Module U579}
#    {Module U580}
#    {Module U581}
#    {Module U582}
#    {Module U583}
#    {Module U584}
#    {Module U585}
#    {Module U586}
#    {Module U587}
#    {Module U588}
#    {Module U589}
#    {Module U590}
#    {Module U591}
#    {Module U592}
#    {Module U593}
#    {Module U594}
#    {Module U595}
#    {Module U596}
#    {Module U597}
#    {Module U598}
#    {Module U599}
#    {Module U600}
#    {Module U601}
#    {Module U602}
#    {Module U603}
#    {Module U604}
#    {Module U605}
#    {Module U606}
#    {Module U607}
#    {Module U608}
#    {Module U609}
#    {Module U610}
#    {Module U611}
#    {Module U612}
#    {Module U613}
#    {Module U614}
#    {Module U615}
#    {Module U616}
#    {Module U617}
#    {Module U618}
#    {Module U619}
#    {Module U620}
#    {Module U621}
#    {Module U622}
#    {Module U623}
#    {Module U624}
#    {Module U625}
#    {Module U626}
#    {Module U627}
#    {Module U628}
#    {Module U629}
#    {Module U630}
#    {Module U631}
#    {Module U632}
#    {Module U633}
#    {Module U634}
#    {Module U635}
#    {Module U636}
#    {Module U637}
#    {Module U638}
#    {Module U639}
#    {Module U640}
#    {Module U641}
#    {Module U642}
#    {Module U643}
#    {Module U644}
#    {Module U645}
#    {Module U646}
#    {Module U647}
#    {Module U648}
#    {Module U649}
#    {Module U650}
#    {Module U651}
#    {Module U652}
#    {Module U653}
#    {Module U654}
#    {Module U655}
#    {Module U656}
#    {Module U657}
#    {Module U658}
#    {Module U659}
#    {Module U660}
#    {Module U661}
#    {Module U662}
#    {Module U663}
#    {Module U664}
#    {Module U665}
#    {Module U666}
#    {Module U667}
#    {Module U668}
#    {Module U669}
#    {Module U670}
#    {Module U671}
#    {Module U672}
#    {Module U673}
#    {Module U674}
#    {Module U675}
#    {Module U676}
#    {Module U677}
#    {Module U678}
#    {Module U679}
#    {Module U680}
#    {Module U681}
#    {Module U682}
#    {Module U683}
#    {Module U684}
#    {Module U685}
#    {Module U686}
#    {Module U687}
#    {Module U688}
#    {Module U689}
#    {Module U690}
#    {Module U691}
#    {Module U692}
#    {Module U693}
#    {Module U694}
#    {Module U695}
#    {Module U696}
#    {Module U697}
#    {Module U698}
#    {Module U699}
#    {Module U700}
#    {Module U701}
#    {Module U702}
#    {Module U703}
#    {Module U704}
#    {Module U705}
#    {Module U706}
#    {Module U707}
#    {Module U708}
#    {Module U709}
#    {Module U710}
#    {Module U711}
#    {Module U712}
#    {Module U713}
#    {Module U714}
#    {Module U715}
#    {Module U716}
#    {Module U717}
#    {Module U718}
#    {Module U719}
#    {Module U720}
#    {Module U721}
#    {Module U722}
#    {Module U723}
#    {Module U724}
#    {Module U725}
#    {Module U726}
#    {Module U727}
#    {Module U728}
#    {Module U729}
#    {Module U730}
#    {Module U731}
#    {Module U732}
#    {Module U733}
#    {Module U734}
#    {Module U735}
#    {Module U736}
#    {Module U737}
#    {Module U738}
#    {Module U739}
#    {Module U740}
#    {Module U741}
#    {Module U742}
#    {Module U743}
#    {Module U744}
#    {Module U745}
#    {Module U746}
#    {Module U747}
#    {Module U748}
#    {Module U749}
#    {Module U750}
#    {Module U751}
#    {Module U752}
#    {Module U753}
#    {Module U754}
#    {Module U755}
#    {Module U756}
#    {Module U757}
#    {Module U758}
#    {Module U759}
#    {Module U760}
#    {Module U761}
#    {Module U762}
#    {Module U763}
#    {Module U764}
#    {Module U765}
#    {Module U766}
#    {Module U767}
#    {Module U768}
#    {Module U769}
#    {Module U770}
#    {Module U771}
#    {Module U772}
#    {Module U773}
#    {Module U774}
#    {Module U775}
#    {Module U776}
#    {Module U777}
#    {Module U778}
#    {Module U779}
#    {Module U780}
#    {Module U781}
#    {Module U782}
#    {Module U783}
#    {Module U784}
#    {Module U785}
#    {Module U786}
#    {Module U787}
#    {Module U788}
#    {Module U789}
#    {Module U790}
#    {Module U791}
#    {Module U792}
#    {Module U793}
#    {Module U794}
#    {Module U795}
#    {Module U796}
#    {Module U797}
#    {Module U798}
#    {Module U799}
#    {Module U800}
#    {Module U801}
#    {Module U802}
#    {Module U803}
#    {Module U804}
#    {Module U805}
#    {Module U806}
#    {Module U807}
#    {Module U808}
#    {Module U809}
#    {Module U810}
#    {Module U811}
#    {Module U812}
#    {Module U813}
#    {Module U814}
#    {Module U815}
#    {Module U816}
#    {Module U817}
#    {Module U818}
#    {Module U819}
#    {Module U820}
#    {Module U821}
#    {Module U822}
#    {Module U823}
#    {Module U824}
#    {Module U825}
#    {Module U826}
#    {Module U827}
#    {Module U828}
#    {Module U829}
#    {Module U830}
#    {Module U831}
#    {Module U832}
#    {Module U833}
#    {Module U834}
#    {Module U835}
#    {Module U836}
#    {Module U837}
#    {Module U838}
#    {Module U839}
#    {Module U840}
#    {Module U841}
#    {Module U842}
#    {Module U843}
#    {Module U844}
#    {Module U845}
#    {Module U846}
#    {Module U847}
#    {Module U848}
#    {Module U849}
#    {Module U850}
#    {Module U851}
#    {Module U852}
#    {Module U853}
#    {Module U854}
#    {Module U855}
#    {Module U856}
#    {Module U857}
#    {Module U858}
#    {Module U859}
#    {Module U860}
#    {Module U861}
#    {Module U862}
#    {Module U863}
#    {Module U864}
#    {Module U865}
#    {Module U866}
#    {Module U867}
#    {Module U868}
#    {Module U869}
#    {Module U870}
#    {Module U871}
#    {Module U872}
#    {Module U873}
#    {Module U874}
#    {Module U875}
#    {Module U876}
#    {Module U877}
#    {Module U878}
#    {Module U879}
#    {Module U880}
#    {Module U881}
#    {Module U882}
#    {Module U883}
#    {Module U884}
#    {Module U885}
#    {Module U886}
#    {Module U887}
#    {Module U888}
#    {Module U889}
#    {Module U890}
#    {Module U891}
#    {Module U892}
#    {Module U893}
#    {Module U894}
#    {Module U895}
#    {Module U896}
#    {Module U897}
#    {Module U898}
#    {Module U899}
#    {Module U900}
#    {Module U901}
#    {Module U902}
#    {Module U903}
#    {Module U904}
#    {Module U905}
#    {Module U906}
#    {Module U907}
#    {Module U908}
#    {Module U909}
#    {Module U910}
#    {Module U911}
#    {Module U912}
#    {Module U913}
#    {Module U914}
#    {Module U915}
#    {Module U916}
#    {Module U917}
#    {Module U918}
#    {Module U919}
#    {Module U920}
#    {Module U921}
#    {Module U922}
#    {Module U923}
#    {Module U924}
#    {Module U925}
#    {Module U926}
#    {Module U927}
#    {Module U928}
#    {Module U929}
#    {Module U930}
#    {Module U931}
#    {Module U932}
#    {Module U933}
#    {Module U934}
#    {Module U935}
#    {Module U936}
#    {Module U937}
#    {Module U938}
#    {Module U939}
#    {Module U940}
#    {Module U941}
#    {Module U942}
#    {Module U943}
#    {Module U944}
#    {Module U945}
#    {Module U946}
#    {Module U947}
#    {Module U948}
#    {Module U949}
#    {Module U950}
#    {Module U951}
#    {Module U952}
#    {Module U953}
#    {Module U954}
#    {Module U955}
#    {Module U956}
#    {Module U957}
#    {Module U958}
#    {Module U959}
#    {Module U960}
#    {Module U961}
#    {Module U962}
#    {Module U963}
#    {Module U964}
#    {Module U965}
#    {Module U966}
#    {Module U967}
#    {Module U968}
#    {Module U969}
#    {Module U970}
#    {Module U971}
#    {Module U972}
#    {Module U973}
#    {Module U974}
#    {Module U975}
#    {Module U976}
#    {Module U977}
#    {Module U978}
#    {Module U979}
#    {Module U980}
#    {Module U981}
#    {Module U982}
#    {Module U983}
#    {Module U984}
#    {Module U985}
#    {Module U986}
#    {Module U987}
#    {Module U988}
#    {Module U989}
#    {Module U990}
#    {Module U991}
#    {Module U992}
#    {Module U993}
#    {Module U994}
#    {Module U995}
#    {Module U996}
#    {Module U997}
#    {Module U998}
#    {Module U999}
#    {Module U1000}
#    {Module U1001}
#    {Module U1002}
#    {Module U1003}
#    {Module U1004}
#    {Module U1005}
#    {Module U1006}
#    {Module U1007}
#    {Module U1008}
#    {Module U1009}
#    {Module U1010}
#    {Module U1011}
#    {Module U1012}
#    {Module U1013}
#    {Module U1014}
#    {Module U1015}
#    {Module U1016}
#    {Module U1017}
#    {Module U1018}
#    {Module U1019}
#    {Module U1020}
#    {Module U1021}
#    {Module U1022}
#    {Module U1023}
#    {Module U1024}
#    {Module U1025}
#    {Module U1026}
#    {Module U1027}
#    {Module U1028}
#    {Module U1029}
#    {Module U1030}
#    {Module U1031}
#    {Module U1032}
#    {Module U1033}
#    {Module U1034}
#    {Module U1035}
#    {Module U1036}
#    {Module U1037}
#    {Module U1038}
#    {Module U1039}
#    {Module U1040}
#    {Module U1041}
#    {Module U1042}
#    {Module U1043}
#    {Module U1044}
#    {Module U1045}
#    {Module U1046}
#    {Module U1047}
#    {Module U1048}
#    {Module U1049}
#    {Module U1050}
#    {Module U1051}
#    {Module U1052}
#    {Module U1053}
#    {Module U1054}
#    {Module U1055}
#    {Module U1056}
#    {Module U1057}
#    {Module U1058}
#    {Module U1059}
#    {Module U1060}
#    {Module U1061}
#    {Module U1062}
#    {Module U1063}
#    {Module U1064}
#    {Module U1065}
#    {Module U1066}
#    {Module U1067}
#    {Module U1068}
#    {Module U1069}
#    {Module U1070}
#    {Module U1071}
#    {Module U1072}
#    {Module U1073}
#    {Module U1074}
#    {Module U1075}
#    {Module U1076}
#    {Module U1077}
#    {Module U1078}
#    {Module U1079}
#    {Module U1080}
#    {Module U1081}
#    {Module U1082}
#    {Module U1083}
#    {Module U1084}
# }
# End time: 00:15:04 on Mar 31,2025, Elapsed time: 0:03:21
# Errors: 0, Warnings: 0
