###############################################################
#  Generated by:      Cadence Innovus 23.10-p003_1
#  OS:                Linux x86_64(Host ID bioeebeanie.bioeelocal)
#  Generated on:      Tue Jun  3 14:39:47 2025
#  Design:            adder
#  Command:           checkDesign -all
###############################################################
Design: adder

------ Design Summary:
Total Standard Cell Number   (cells) : 10
Total Block Cell Number      (cells) : 0
Total I/O Pad Cell Number    (cells) : 0
Total Standard Cell Area     ( um^2) : 9.71
Total Block Cell Area        ( um^2) : 0.00
Total I/O Pad Cell Area      ( um^2) : 0.00

------ Design Statistics:

Number of Instances            : 10
Number of Non-uniquified Insts : 8
Number of Nets                 : 40
Average number of Pins per Net : 1.90
Maximum number of Pins in Net  : 3

------ I/O Port summary

Number of Primary I/O Ports    : 29
Number of Input Ports          : 19
Number of Output Ports         : 10
Number of Bidirectional Ports  : 0
Number of Power/Ground Ports   : 0



------------------------------------------------------------
Detail report:


------ I/O Pad/Port Checking

WARN : Port clk is floating in the top design.

